[35m[Appium][39m Welcome to Appium v1.22.3
[35m[Appium][39m Non-default server args:
[35m[Appium][39m   port: 53582
[35m[Appium][39m   tmpDir: C:\Users\LENOVO\AppData\Local\Temp\\Katalon\Appium\Temp1682859965950
[35m[Appium][39m   chromedriverPort: 53584
[35m[Appium][39m Deprecated server args:
[35m[Appium][39m   [31m--chromedriver-port[39m => --default-capabilities
[35m[Appium][39m Default capabilities, which will be added to each request unless overridden by desired capabilities:
[35m[Appium][39m   chromedriverPort: 53584
[35m[Appium][39m Appium REST http interface listener started on 0.0.0.0:53582
[35m[HTTP][39m [37m-->[39m [37mGET[39m [37m/wd/hub/status[39m
[35m[HTTP][39m [90m{}[39m
[debug] [35m[GENERIC][39m Calling AppiumDriver.getStatus() with args: []
[debug] [35m[GENERIC][39m Responding to client with driver.getStatus() result: {"build":{"version":"1.22.3"}}
[35m[HTTP][39m [37m<-- GET /wd/hub/status [39m[32m200[39m [90m15 ms - 68[39m
[35m[HTTP][39m [90m[39m
[35m[HTTP][39m [37m-->[39m [37mGET[39m [37m/wd/hub/status[39m
[35m[HTTP][39m [90m{}[39m
[debug] [35m[GENERIC][39m Calling AppiumDriver.getStatus() with args: []
[debug] [35m[GENERIC][39m Responding to client with driver.getStatus() result: {"build":{"version":"1.22.3"}}
[35m[HTTP][39m [37m<-- GET /wd/hub/status [39m[32m200[39m [90m3 ms - 68[39m
[35m[HTTP][39m [90m[39m
[35m[HTTP][39m [37m-->[39m [37mPOST[39m [37m/wd/hub/session[39m
[35m[HTTP][39m [90m{"desiredCapabilities":{"app":"C:\\Users\\LENOVO\\Downloads\\Android-MyDemoAppRN.1.2.0.build-231.apk","noReset":true,"deviceName":"emulator-5554 (Android SDK built for x86 - Android 7.0)","fullReset":false,"platform":"ANDROID","newCommandTimeout":1800,"platformVersion":"7.0","automationName":"uiautomator2","autoGrantPermissions":true,"platformName":"Android","udid":"emulator-5554","systemPort":53593},"capabilities":{"firstMatch":[{"appium:app":"C:\\Users\\LENOVO\\Downloads\\Android-MyDemoAppRN.1.2.0.build-231.apk","appium:autoGrantPermissions":true,"appium:automationName":"uiautomator2","appium:deviceName":"emulator-5554 (Android SDK built for x86 - Android 7.0)","appium:fullReset":false,"appium:newCommandTimeout":1800,"appium:noReset":true,"platform":"ANDROID","platformName":"android","appium:platformVersion":"7.0","appium:systemPort":53593,"appium:udid":"emulator-5554"}]}}[39m
[debug] [35m[W3C][39m Calling AppiumDriver.createSession() with args: [{"app":"C:\\Users\\LENOVO\\Downloads\\Android-MyDemoAppRN.1.2.0.build-231.apk","noReset":true,"deviceName":"emulator-5554 (Android SDK built for x86 - Android 7.0)","fullReset":false,"platform":"ANDROID","newCommandTimeout":1800,"platformVersion":"7.0","automationName":"uiautomator2","autoGrantPermissions":true,"platformName":"Android","udid":"emulator-5554","systemPort":53593},null,{"firstMatch":[{"appium:app":"C:\\Users\\LENOVO\\Downloads\\Android-MyDemoAppRN.1.2.0.build-231.apk","appium:autoGrantPermissions":true,"appium:automationName":"uiautomator2","appium:deviceName":"emulator-5554 (Android SDK built for x86 - Android 7.0)","appium:fullReset":false,"appium:newCommandTimeout":1800,"appium:noReset":true,"platform":"ANDROID","platformName":"android","appium:platformVersion":"7.0","appium:systemPort":53593,"appium:udid":"emulator-5554"}]}]
[debug] [35m[BaseDriver][39m Event 'newSessionRequested' logged at 1682859969182 (20:06:09 GMT+0700 (Western Indonesia Time))
[35m[BaseDriver][39m The following capabilities are not standard capabilities and should have an extension prefix:
[35m[BaseDriver][39m   platform
[35m[BaseDriver][39m   chromedriverPort
[35m[Appium][39m Appium v1.22.3 creating new AndroidUiautomator2Driver (v1.70.1) session
[debug] [35m[BaseDriver][39m W3C capabilities and MJSONWP desired capabilities were provided
[debug] [35m[BaseDriver][39m Creating session with W3C capabilities: {
[debug] [35m[BaseDriver][39m   "alwaysMatch": {
[debug] [35m[BaseDriver][39m     "appium:platform": "ANDROID",
[debug] [35m[BaseDriver][39m     "platformName": "android",
[debug] [35m[BaseDriver][39m     "appium:chromedriverPort": 53584,
[debug] [35m[BaseDriver][39m     "appium:app": "C:\\Users\\LENOVO\\Downloads\\Android-MyDemoAppRN.1.2.0.build-231.apk",
[debug] [35m[BaseDriver][39m     "appium:autoGrantPermissions": true,
[debug] [35m[BaseDriver][39m     "appium:automationName": "uiautomator2",
[debug] [35m[BaseDriver][39m     "appium:deviceName": "emulator-5554 (Android SDK built for x86 - Android 7.0)",
[debug] [35m[BaseDriver][39m     "appium:fullReset": false,
[debug] [35m[BaseDriver][39m     "appium:newCommandTimeout": 1800,
[debug] [35m[BaseDriver][39m     "appium:noReset": true,
[debug] [35m[BaseDriver][39m     "appium:platformVersion": "7.0",
[debug] [35m[BaseDriver][39m     "appium:systemPort": 53593,
[debug] [35m[BaseDriver][39m     "appium:udid": "emulator-5554"
[debug] [35m[BaseDriver][39m   },
[debug] [35m[BaseDriver][39m   "firstMatch": [
[debug] [35m[BaseDriver][39m     {}
[debug] [35m[BaseDriver][39m   ]
[debug] [35m[BaseDriver][39m }
[35m[BaseDriver][39m The following capabilities were provided, but are not recognized by Appium:
[35m[BaseDriver][39m   platform
[35m[BaseDriver][39m Session created with session id: 4cd5dd8e-7c45-406f-979d-f0f35b45cec7
[35m[BaseDriver][39m Using local app 'C:\Users\LENOVO\Downloads\Android-MyDemoAppRN.1.2.0.build-231.apk'
[debug] [35m[UiAutomator2][39m Checking whether app is actually present
[35m[ADB][39m Found 1 'build-tools' folders under 'C:\Users\LENOVO\.katalon\tools\android_sdk' (newest first):
[35m[ADB][39m     C:/Users/LENOVO/.katalon/tools/android_sdk/build-tools/29.0.3
[35m[ADB][39m Using 'adb.exe' from 'C:\Users\LENOVO\.katalon\tools\android_sdk\platform-tools\adb.exe'
[debug] [35m[ADB][39m Running 'C:\Users\LENOVO\.katalon\tools\android_sdk\platform-tools\adb.exe -P 5037 start-server'
[35m[AndroidDriver][39m Retrieving device list
[debug] [35m[ADB][39m Trying to find a connected android device
[debug] [35m[ADB][39m Getting connected devices
[debug] [35m[ADB][39m Connected devices: [{"udid":"emulator-5554","state":"device"}]
[35m[AndroidDriver][39m Using device: emulator-5554
[35m[ADB][39m Using 'adb.exe' from 'C:\Users\LENOVO\.katalon\tools\android_sdk\platform-tools\adb.exe'
[debug] [35m[ADB][39m Running 'C:\Users\LENOVO\.katalon\tools\android_sdk\platform-tools\adb.exe -P 5037 start-server'
[debug] [35m[ADB][39m Setting device id to emulator-5554
[debug] [35m[ADB][39m Running 'C:\Users\LENOVO\.katalon\tools\android_sdk\platform-tools\adb.exe -P 5037 -s emulator-5554 shell getprop ro.build.version.sdk'
[debug] [35m[ADB][39m Current device property 'ro.build.version.sdk': 24
[debug] [35m[ADB][39m Device API level: 24
[debug] [35m[AndroidDriver][39m Parsing package and activity from app manifest
[35m[ADB][39m Package name: 'com.saucelabs.mydemoapp.rn'
[35m[ADB][39m Main activity name: 'com.saucelabs.mydemoapp.rn.MainActivity'
[debug] [35m[AndroidDriver][39m Parsed package and activity are: com.saucelabs.mydemoapp.rn/com.saucelabs.mydemoapp.rn.MainActivity
[debug] [35m[ADB][39m Running 'C:\Users\LENOVO\.katalon\tools\android_sdk\platform-tools\adb.exe -P 5037 -s emulator-5554 wait-for-device'
[debug] [35m[ADB][39m Running 'C:\Users\LENOVO\.katalon\tools\android_sdk\platform-tools\adb.exe -P 5037 -s emulator-5554 shell echo ping'
[debug] [35m[AndroidDriver][39m Pushing settings apk to device...
[debug] [35m[ADB][39m Getting install status for io.appium.settings
[debug] [35m[ADB][39m Running 'C:\Users\LENOVO\.katalon\tools\android_sdk\platform-tools\adb.exe -P 5037 -s emulator-5554 shell dumpsys package io.appium.settings'
[debug] [35m[ADB][39m 'io.appium.settings' is installed
[debug] [35m[ADB][39m Getting package info for 'io.appium.settings'
[debug] [35m[ADB][39m Running 'C:\Users\LENOVO\.katalon\tools\android_sdk\platform-tools\adb.exe -P 5037 -s emulator-5554 shell dumpsys package io.appium.settings'
[debug] [35m[ADB][39m The version name of the installed 'io.appium.settings' is greater or equal to the application version name ('3.4.0' >= '3.4.0')
[debug] [35m[ADB][39m There is no need to install/upgrade 'C:\Users\LENOVO\AppData\Roaming\npm\node_modules\appium\node_modules\io.appium.settings\apks\settings_apk-debug.apk'
[debug] [35m[ADB][39m Getting IDs of all 'io.appium.settings' processes
[debug] [35m[ADB][39m Running 'C:\Users\LENOVO\.katalon\tools\android_sdk\platform-tools\adb.exe -P 5037 -s emulator-5554 shell 'pgrep --help; echo $?''
[debug] [35m[ADB][39m Running 'C:\Users\LENOVO\.katalon\tools\android_sdk\platform-tools\adb.exe -P 5037 -s emulator-5554 shell 'pgrep ^appium\\.settings$ || pgrep ^io\\.appium\\.setti$''
[debug] [35m[ADB][39m Getting IDs of all 'io.appium.settings' processes
[debug] [35m[ADB][39m Running 'C:\Users\LENOVO\.katalon\tools\android_sdk\platform-tools\adb.exe -P 5037 -s emulator-5554 shell 'pgrep ^appium\\.settings$ || pgrep ^io\\.appium\\.setti$''
[debug] [35m[ADB][39m Starting Appium Settings app
[debug] [35m[ADB][39m Running 'C:\Users\LENOVO\.katalon\tools\android_sdk\platform-tools\adb.exe -P 5037 -s emulator-5554 shell am start -n io.appium.settings/.Settings -a android.intent.action.MAIN -c android.intent.category.LAUNCHER'
[debug] [35m[ADB][39m Getting IDs of all 'io.appium.settings' processes
[debug] [35m[ADB][39m Running 'C:\Users\LENOVO\.katalon\tools\android_sdk\platform-tools\adb.exe -P 5037 -s emulator-5554 shell 'pgrep ^appium\\.settings$ || pgrep ^io\\.appium\\.setti$''
[debug] [35m[Logcat][39m Starting logs capture with command: C:\\Users\\LENOVO\\.katalon\\tools\\android_sdk\\platform-tools\\adb.exe -P 5037 -s emulator-5554 logcat -v threadtime
[debug] [35m[UiAutomator2][39m Forwarding UiAutomator2 Server port 6790 to local port 53593
[debug] [35m[ADB][39m Forwarding system: 53593 to device: 6790
[debug] [35m[ADB][39m Running 'C:\Users\LENOVO\.katalon\tools\android_sdk\platform-tools\adb.exe -P 5037 -s emulator-5554 forward tcp:53593 tcp:6790'
[debug] [35m[ADB][39m Getting install status for io.appium.uiautomator2.server
[debug] [35m[ADB][39m Running 'C:\Users\LENOVO\.katalon\tools\android_sdk\platform-tools\adb.exe -P 5037 -s emulator-5554 shell dumpsys package io.appium.uiautomator2.server'
[debug] [35m[ADB][39m 'io.appium.uiautomator2.server' is installed
[debug] [35m[ADB][39m Getting package info for 'io.appium.uiautomator2.server'
[debug] [35m[ADB][39m Running 'C:\Users\LENOVO\.katalon\tools\android_sdk\platform-tools\adb.exe -P 5037 -s emulator-5554 shell dumpsys package io.appium.uiautomator2.server'
[debug] [35m[ADB][39m The version name of the installed 'io.appium.uiautomator2.server' is greater or equal to the application version name ('4.27.0' >= '4.27.0')
[debug] [35m[UiAutomator2][39m io.appium.uiautomator2.server installation state: sameVersionInstalled
[debug] [35m[ADB][39m Checking app cert for C:\Users\LENOVO\AppData\Roaming\npm\node_modules\appium\node_modules\appium-uiautomator2-server\apks\appium-uiautomator2-server-v4.27.0.apk
[35m[ADB][39m Using 'apksigner.jar' from 'C:\Users\LENOVO\.katalon\tools\android_sdk\build-tools\29.0.3\apksigner.jar'
[debug] [35m[ADB][39m Starting apksigner: C:\\Users\\LENOVO\\Downloads\\Katalon_Studio_Windows_64-8.5.5\\jre\\bin\\java.exe -Xmx1024M -Xss1m -jar C:\\Users\\LENOVO\\.katalon\\tools\\android_sdk\\build-tools\\29.0.3\\apksigner.jar verify --print-certs C:\\Users\\LENOVO\\AppData\\Roaming\\npm\\node_modules\\appium\\node_modules\\appium-uiautomator2-server\\apks\\appium-uiautomator2-server-v4.27.0.apk
[debug] [35m[ADB][39m apksigner stdout: Signer #1 certificate DN: EMAILADDRESS=android@android.com, CN=Android, OU=Android, O=Android, L=Mountain View, ST=California, C=US
[debug] [35m[ADB][39m Signer #1 certificate SHA-256 digest: a40da80a59d170caa950cf15c18c454d47a39b26989d8b640ecd745ba71bf5dc
[debug] [35m[ADB][39m Signer #1 certificate SHA-1 digest: 61ed377e85d386a8dfee6b864bd85b0bfaa5af81
[debug] [35m[ADB][39m Signer #1 certificate MD5 digest: e89b158e4bcf988ebd09eb83f5378e87
[debug] [35m[ADB][39m 
[debug] [35m[ADB][39m sha256 hash did match for 'appium-uiautomator2-server-v4.27.0.apk'
[35m[ADB][39m 'C:\Users\LENOVO\AppData\Roaming\npm\node_modules\appium\node_modules\appium-uiautomator2-server\apks\appium-uiautomator2-server-v4.27.0.apk' is signed with the default certificate
[debug] [35m[ADB][39m Getting install status for io.appium.uiautomator2.server.test
[debug] [35m[ADB][39m Running 'C:\Users\LENOVO\.katalon\tools\android_sdk\platform-tools\adb.exe -P 5037 -s emulator-5554 shell dumpsys package io.appium.uiautomator2.server.test'
[debug] [35m[ADB][39m 'io.appium.uiautomator2.server.test' is installed
[debug] [35m[ADB][39m Checking app cert for C:\Users\LENOVO\AppData\Roaming\npm\node_modules\appium\node_modules\appium-uiautomator2-server\apks\appium-uiautomator2-server-debug-androidTest.apk
[debug] [35m[ADB][39m Starting apksigner: C:\\Users\\LENOVO\\Downloads\\Katalon_Studio_Windows_64-8.5.5\\jre\\bin\\java.exe -Xmx1024M -Xss1m -jar C:\\Users\\LENOVO\\.katalon\\tools\\android_sdk\\build-tools\\29.0.3\\apksigner.jar verify --print-certs C:\\Users\\LENOVO\\AppData\\Roaming\\npm\\node_modules\\appium\\node_modules\\appium-uiautomator2-server\\apks\\appium-uiautomator2-server-debug-androidTest.apk
[debug] [35m[ADB][39m apksigner stdout: Signer #1 certificate DN: EMAILADDRESS=android@android.com, CN=Android, OU=Android, O=Android, L=Mountain View, ST=California, C=US
[debug] [35m[ADB][39m Signer #1 certificate SHA-256 digest: a40da80a59d170caa950cf15c18c454d47a39b26989d8b640ecd745ba71bf5dc
[debug] [35m[ADB][39m Signer #1 certificate SHA-1 digest: 61ed377e85d386a8dfee6b864bd85b0bfaa5af81
[debug] [35m[ADB][39m Signer #1 certificate MD5 digest: e89b158e4bcf988ebd09eb83f5378e87
[debug] [35m[ADB][39m 
[debug] [35m[ADB][39m sha256 hash did match for 'appium-uiautomator2-server-debug-androidTest.apk'
[35m[ADB][39m 'C:\Users\LENOVO\AppData\Roaming\npm\node_modules\appium\node_modules\appium-uiautomator2-server\apks\appium-uiautomator2-server-debug-androidTest.apk' is signed with the default certificate
[35m[UiAutomator2][39m Server packages are not going to be (re)installed
[debug] [35m[UiAutomator2][39m Waiting up to 30000ms for services to be available
[debug] [35m[ADB][39m Running 'C:\Users\LENOVO\.katalon\tools\android_sdk\platform-tools\adb.exe -P 5037 -s emulator-5554 shell pm list instrumentation'
[debug] [35m[UiAutomator2][39m Instrumentation target 'io.appium.uiautomator2.server.test/androidx.test.runner.AndroidJUnitRunner' is available
[35m[ADB][39m Adding packages ["io.appium.settings","io.appium.uiautomator2.server","io.appium.uiautomator2.server.test"] to Doze whitelist
[debug] [35m[ADB][39m Got the following command chunks to execute: [["dumpsys","deviceidle","whitelist","+io.appium.settings",";","dumpsys","deviceidle","whitelist","+io.appium.uiautomator2.server",";","dumpsys","deviceidle","whitelist","+io.appium.uiautomator2.server.test",";"]]
[debug] [35m[ADB][39m Running 'C:\Users\LENOVO\.katalon\tools\android_sdk\platform-tools\adb.exe -P 5037 -s emulator-5554 shell dumpsys deviceidle whitelist +io.appium.settings ; dumpsys deviceidle whitelist +io.appium.uiautomator2.server ; dumpsys deviceidle whitelist +io.appium.uiautomator2.server.test ;'
[debug] [35m[ADB][39m Checking app cert for C:\Users\LENOVO\Downloads\Android-MyDemoAppRN.1.2.0.build-231.apk
[debug] [35m[ADB][39m Starting apksigner: C:\\Users\\LENOVO\\Downloads\\Katalon_Studio_Windows_64-8.5.5\\jre\\bin\\java.exe -Xmx1024M -Xss1m -jar C:\\Users\\LENOVO\\.katalon\\tools\\android_sdk\\build-tools\\29.0.3\\apksigner.jar verify --print-certs C:\\Users\\LENOVO\\Downloads\\Android-MyDemoAppRN.1.2.0.build-231.apk
[debug] [35m[ADB][39m apksigner stdout: Signer #1 certificate DN: CN=Android Debug, OU=Android, O=Unknown, L=Unknown, ST=Unknown, C=US
[debug] [35m[ADB][39m Signer #1 certificate SHA-256 digest: fac61745dc0903786fb9ede62a962b399f7348f0bb6f899b8332667591033b9c
[debug] [35m[ADB][39m Signer #1 certificate SHA-1 digest: 5e8f16062ea3cd2c4a0d547876baa6f38cabf625
[debug] [35m[ADB][39m Signer #1 certificate MD5 digest: 20f46148b72d8e5e5ca23d37a4f41490
[debug] [35m[ADB][39m 
[35m[ADB][39m 'C:\Users\LENOVO\Downloads\Android-MyDemoAppRN.1.2.0.build-231.apk' is signed with a non-default certificate
[debug] [35m[ADB][39m Getting install status for com.saucelabs.mydemoapp.rn
[debug] [35m[ADB][39m Running 'C:\Users\LENOVO\.katalon\tools\android_sdk\platform-tools\adb.exe -P 5037 -s emulator-5554 shell dumpsys package com.saucelabs.mydemoapp.rn'
[debug] [35m[ADB][39m 'com.saucelabs.mydemoapp.rn' is installed
[debug] [35m[ADB][39m Getting package info for 'com.saucelabs.mydemoapp.rn'
[debug] [35m[ADB][39m Running 'C:\Users\LENOVO\.katalon\tools\android_sdk\platform-tools\adb.exe -P 5037 -s emulator-5554 shell dumpsys package com.saucelabs.mydemoapp.rn'
[debug] [35m[ADB][39m The version name of the installed 'com.saucelabs.mydemoapp.rn' is greater or equal to the application version name ('1.2.0' >= '1.2.0')
[debug] [35m[ADB][39m There is no need to install/upgrade 'C:\Users\LENOVO\Downloads\Android-MyDemoAppRN.1.2.0.build-231.apk'
[debug] [35m[UiAutomator2][39m Performing shallow cleanup of automation leftovers
[debug] [35m[UiAutomator2][39m The following obsolete sessions are still running: ["1d6fb17d-a321-43b9-bc8f-f4cc1f79545b"]
[debug] [35m[UiAutomator2][39m Cleaning up 1 obsolete session
[debug] [35m[ADB][39m Running 'C:\Users\LENOVO\.katalon\tools\android_sdk\platform-tools\adb.exe -P 5037 -s emulator-5554 shell am force-stop io.appium.uiautomator2.server.test'
[35m[UiAutomator2][39m Starting UIAutomator2 server 4.27.0
[35m[UiAutomator2][39m Using UIAutomator2 server from 'C:\Users\LENOVO\AppData\Roaming\npm\node_modules\appium\node_modules\appium-uiautomator2-server\apks\appium-uiautomator2-server-v4.27.0.apk' and test from 'C:\Users\LENOVO\AppData\Roaming\npm\node_modules\appium\node_modules\appium-uiautomator2-server\apks\appium-uiautomator2-server-debug-androidTest.apk'
[35m[UiAutomator2][39m Waiting up to 30000ms for UiAutomator2 to be online...
[debug] [35m[ADB][39m Creating ADB subprocess with args: ["-P",5037,"-s","emulator-5554","shell","am","instrument","-w","-e","disableAnalytics",true,"io.appium.uiautomator2.server.test/androidx.test.runner.AndroidJUnitRunner"]
[debug] [35m[WD Proxy][39m Matched '/status' to command name 'getStatus'
[debug] [35m[WD Proxy][39m Proxying [GET /status] to [GET http://127.0.0.1:53593/wd/hub/status] with no body
[35m[WD Proxy][39m socket hang up
[debug] [35m[WD Proxy][39m Matched '/status' to command name 'getStatus'
[debug] [35m[WD Proxy][39m Proxying [GET /status] to [GET http://127.0.0.1:53593/wd/hub/status] with no body
[35m[WD Proxy][39m socket hang up
[debug] [35m[Instrumentation][39m io.appium.uiautomator2.server.test.AppiumUiAutomator2Server:
[debug] [35m[WD Proxy][39m Matched '/status' to command name 'getStatus'
[debug] [35m[WD Proxy][39m Proxying [GET /status] to [GET http://127.0.0.1:53593/wd/hub/status] with no body
[35m[WD Proxy][39m socket hang up
[debug] [35m[WD Proxy][39m Matched '/status' to command name 'getStatus'
[debug] [35m[WD Proxy][39m Proxying [GET /status] to [GET http://127.0.0.1:53593/wd/hub/status] with no body
[debug] [35m[WD Proxy][39m Got response with status 200: {"sessionId":"None","value":{"message":"UiAutomator2 Server is ready to accept commands","ready":true}}
[debug] [35m[UiAutomator2][39m The initialization of the instrumentation process took 3142ms
[debug] [35m[WD Proxy][39m Matched '/session' to command name 'createSession'
[debug] [35m[WD Proxy][39m Proxying [POST /session] to [POST http://127.0.0.1:53593/wd/hub/session] with body: {"capabilities":{"firstMatch":[{"platform":"ANDROID","webStorageEnabled":false,"takesScreenshot":true,"javascriptEnabled":true,"databaseEnabled":false,"networkConnectionEnabled":true,"locationContextEnabled":false,"warnings":{},"desired":{"platformName":"android","platform":"ANDROID","chromedriverPort":53584,"app":"C:\\Users\\LENOVO\\Downloads\\Android-MyDemoAppRN.1.2.0.build-231.apk","autoGrantPermissions":true,"automationName":"uiautomator2","deviceName":"emulator-5554 (Android SDK built for x86 - Android 7.0)","fullReset":false,"newCommandTimeout":1800,"noReset":true,"platformVersion":"7.0","systemPort":53593,"udid":"emulator-5554"},"platformName":"android","chromedriverPort":53584,"app":"C:\\Users\\LENOVO\\Downloads\\Android-MyDemoAppRN.1.2.0.build-231.apk","autoGrantPermissions":true,"automationName":"uiautomator2","deviceName":"emulator-5554","fullReset":false,"newCommandTimeout":1800,"noReset":true,"platformVersion":"7.0","systemPort":53593,"udid":"emulator-5554","deviceUDID":"emulator-5554","appPac...
[debug] [35m[WD Proxy][39m Got response with status 200: {"sessionId":"a48843c0-4bd8-464a-a416-add27477af0f","value":{"capabilities":{"firstMatch":[{"platform":"ANDROID","webStorageEnabled":false,"takesScreenshot":true,"javascriptEnabled":true,"databaseEnabled":false,"networkConnectionEnabled":true,"locationContextEnabled":false,"warnings":{},"desired":{"platformName":"android","platform":"ANDROID","chromedriverPort":53584,"app":"C:\\Users\\LENOVO\\Downloads\\Android-MyDemoAppRN.1.2.0.build-231.apk","autoGrantPermissions":true,"automationName":"uiautomator2","deviceName":"emulator-5554 (Android SDK built for x86 - Android 7.0)","fullReset":false,"newCommandTimeout":1800,"noReset":true,"platformVersion":"7.0","systemPort":53593,"udid":"emulator-5554"},"platformName":"android","chromedriverPort":53584,"app":"C:\\Users\\LENOVO\\Downloads\\Android-MyDemoAppRN.1.2.0.build-231.apk","autoGrantPermissions":true,"automationName":"uiautomator2","deviceName":"emulator-5554","fullReset":false,"newCommandTimeout":1800,"noReset":true,"platformVersion":"7.0","systemPort":53593...
[35m[WD Proxy][39m Determined the downstream protocol as 'W3C'
[debug] [35m[WD Proxy][39m Proxying [GET /appium/device/info] to [GET http://127.0.0.1:53593/wd/hub/session/a48843c0-4bd8-464a-a416-add27477af0f/appium/device/info] with no body
[debug] [35m[WD Proxy][39m Got response with status 200: {"sessionId":"a48843c0-4bd8-464a-a416-add27477af0f","value":{"androidId":"dcfd4c7657ddd4ee","apiVersion":"24","bluetooth":null,"brand":"google","carrierName":"Android","displayDensity":440,"locale":"en_US","manufacturer":"Google","model":"Android SDK built for x86","networks":[{"capabilities":{"SSID":null,"linkDownBandwidthKbps":102400,"linkUpstreamBandwidthKbps":51200,"networkCapabilities":"NET_CAPABILITY_NOT_RESTRICTED,NET_CAPABILITY_CBS,NET_CAPABILITY_FOTA,NET_CAPABILITY_IMS,NET_CAPABILITY_SUPL,NET_CAPABILITY_NOT_VPN,NET_CAPABILITY_MMS,NET_CAPABILITY_INTERNET,NET_CAPABILITY_TRUSTED,NET_CAPABILITY_VALIDATED,NET_CAPABILITY_IA","signalStrength":-2147483648,"transportTypes":"TRANSPORT_CELLULAR"},"detailedState":"CONNECTED","extraInfo":"epc.tmobile.com","isAvailable":true,"isConnected":true,"isFailover":false,"isRoaming":false,"state":"CONNECTED","subtype":13,"subtypeName":"LTE","type":0,"typeName":"MOBILE"}],"platformVersion":"7.0","realDisplaySize":"1080x2280","timeZone":"Asia/Bangkok"}}
[debug] [35m[ADB][39m Running 'C:\Users\LENOVO\.katalon\tools\android_sdk\platform-tools\adb.exe -P 5037 -s emulator-5554 shell dumpsys window'
[35m[AndroidDriver][39m Screen already unlocked, doing nothing
[35m[UiAutomator2][39m Starting 'com.saucelabs.mydemoapp.rn/com.saucelabs.mydemoapp.rn.MainActivity and waiting for 'com.saucelabs.mydemoapp.rn/com.saucelabs.mydemoapp.rn.MainActivity'
[debug] [35m[ADB][39m Running 'C:\Users\LENOVO\.katalon\tools\android_sdk\platform-tools\adb.exe -P 5037 -s emulator-5554 shell am start -W -n com.saucelabs.mydemoapp.rn/com.saucelabs.mydemoapp.rn.MainActivity -S -a android.intent.action.MAIN -c android.intent.category.LAUNCHER -f 0x10200000'
[debug] [35m[ADB][39m Waiting up to 20000ms for activity matching pkg: 'com.saucelabs.mydemoapp.rn' and activity: 'com.saucelabs.mydemoapp.rn.MainActivity' to be focused
[debug] [35m[ADB][39m Possible activities, to be checked: 'com.saucelabs.mydemoapp.rn.MainActivity', 'com.saucelabs.mydemoapp.rn.com.saucelabs.mydemoapp.rn.MainActivity'
[debug] [35m[ADB][39m Getting focused package and activity
[debug] [35m[ADB][39m Running 'C:\Users\LENOVO\.katalon\tools\android_sdk\platform-tools\adb.exe -P 5037 -s emulator-5554 shell dumpsys window windows'
[debug] [35m[ADB][39m Found package: 'com.saucelabs.mydemoapp.rn' and fully qualified activity name : 'com.saucelabs.mydemoapp.rn.MainActivity'
[debug] [35m[WD Proxy][39m Proxying [GET /appium/device/pixel_ratio] to [GET http://127.0.0.1:53593/wd/hub/session/a48843c0-4bd8-464a-a416-add27477af0f/appium/device/pixel_ratio] with no body
[debug] [35m[WD Proxy][39m Got response with status 200: {"sessionId":"a48843c0-4bd8-464a-a416-add27477af0f","value":2.75}
[debug] [35m[WD Proxy][39m Matched '/appium/device/system_bars' to command name 'getSystemBars'
[debug] [35m[WD Proxy][39m Proxying [GET /appium/device/system_bars] to [GET http://127.0.0.1:53593/wd/hub/session/a48843c0-4bd8-464a-a416-add27477af0f/appium/device/system_bars] with no body
[debug] [35m[WD Proxy][39m Got response with status 200: {"sessionId":"a48843c0-4bd8-464a-a416-add27477af0f","value":{"statusBar":66}}
[debug] [35m[WD Proxy][39m Matched '/window/current/size' to command name 'getWindowSize'
[debug] [35m[WD Proxy][39m Proxying [GET /window/current/size] to [GET http://127.0.0.1:53593/wd/hub/session/a48843c0-4bd8-464a-a416-add27477af0f/window/current/size] with no body
[debug] [35m[WD Proxy][39m Got response with status 200: {"sessionId":"a48843c0-4bd8-464a-a416-add27477af0f","value":{"height":2148,"width":1080}}
[35m[Appium][39m New AndroidUiautomator2Driver session created successfully, session 4cd5dd8e-7c45-406f-979d-f0f35b45cec7 added to master session list
[debug] [35m[BaseDriver][39m Event 'newSessionStarted' logged at 1682859990996 (20:06:30 GMT+0700 (Western Indonesia Time))
[debug] [35m[W3C (4cd5dd8e)][39m Cached the protocol value 'W3C' for the new session 4cd5dd8e-7c45-406f-979d-f0f35b45cec7
[debug] [35m[W3C (4cd5dd8e)][39m Responding to client with driver.createSession() result: {"capabilities":{"platform":"ANDROID","webStorageEnabled":false,"takesScreenshot":true,"javascriptEnabled":true,"databaseEnabled":false,"networkConnectionEnabled":true,"locationContextEnabled":false,"warnings":{},"desired":{"platformName":"android","platform":"ANDROID","chromedriverPort":53584,"app":"C:\\Users\\LENOVO\\Downloads\\Android-MyDemoAppRN.1.2.0.build-231.apk","autoGrantPermissions":true,"automationName":"uiautomator2","deviceName":"emulator-5554 (Android SDK built for x86 - Android 7.0)","fullReset":false,"newCommandTimeout":1800,"noReset":true,"platformVersion":"7.0","systemPort":53593,"udid":"emulator-5554"},"platformName":"android","chromedriverPort":53584,"app":"C:\\Users\\LENOVO\\Downloads\\Android-MyDemoAppRN.1.2.0.build-231.apk","autoGrantPermissions":true,"automationName":"uiautomator2","deviceName":"emulator-5554","fullReset":false,"newCommandTimeout":1800,"noReset":true,"platformVersion":"7.0","systemPort":53593,"udid":"emulator-5554","deviceUDID":"emulator-5554","appPackage":"com.sauc...
[35m[HTTP][39m [37m<-- POST /wd/hub/session [39m[32m200[39m [90m21822 ms - 1351[39m
[35m[HTTP][39m [90m[39m
[35m[HTTP][39m [37m-->[39m [37mGET[39m [37m/wd/hub/session/4cd5dd8e-7c45-406f-979d-f0f35b45cec7[39m
[35m[HTTP][39m [90m{}[39m
[debug] [35m[W3C (4cd5dd8e)][39m Calling AppiumDriver.getSession() with args: ["4cd5dd8e-7c45-406f-979d-f0f35b45cec7"]
[debug] [35m[UiAutomator2][39m Getting session details from server to mix in
[debug] [35m[WD Proxy][39m Matched '/' to command name 'getSession'
[debug] [35m[WD Proxy][39m Proxying [GET /] to [GET http://127.0.0.1:53593/wd/hub/session/a48843c0-4bd8-464a-a416-add27477af0f] with no body
[debug] [35m[WD Proxy][39m Got response with status 200: {"sessionId":"a48843c0-4bd8-464a-a416-add27477af0f","value":{"lastScrollData":null}}
[debug] [35m[W3C (4cd5dd8e)][39m Responding to client with driver.getSession() result: {"platform":"ANDROID","webStorageEnabled":false,"takesScreenshot":true,"javascriptEnabled":true,"databaseEnabled":false,"networkConnectionEnabled":true,"locationContextEnabled":false,"warnings":{},"desired":{"platformName":"android","platform":"ANDROID","chromedriverPort":53584,"app":"C:\\Users\\LENOVO\\Downloads\\Android-MyDemoAppRN.1.2.0.build-231.apk","autoGrantPermissions":true,"automationName":"uiautomator2","deviceName":"emulator-5554 (Android SDK built for x86 - Android 7.0)","fullReset":false,"newCommandTimeout":1800,"noReset":true,"platformVersion":"7.0","systemPort":53593,"udid":"emulator-5554"},"platformName":"android","chromedriverPort":53584,"app":"C:\\Users\\LENOVO\\Downloads\\Android-MyDemoAppRN.1.2.0.build-231.apk","autoGrantPermissions":true,"automationName":"uiautomator2","deviceName":"emulator-5554","fullReset":false,"newCommandTimeout":1800,"noReset":true,"platformVersion":"7.0","systemPort":53593,"udid":"emulator-5554","deviceUDID":"emulator-5554","appPackage":"com.saucelabs.mydemoapp....
[35m[HTTP][39m [37m<-- GET /wd/hub/session/4cd5dd8e-7c45-406f-979d-f0f35b45cec7 [39m[32m200[39m [90m16 ms - 1305[39m
[35m[HTTP][39m [90m[39m
[35m[HTTP][39m [37m-->[39m [37mGET[39m [37m/wd/hub/session/4cd5dd8e-7c45-406f-979d-f0f35b45cec7[39m
[35m[HTTP][39m [90m{}[39m
[debug] [35m[W3C (4cd5dd8e)][39m Calling AppiumDriver.getSession() with args: ["4cd5dd8e-7c45-406f-979d-f0f35b45cec7"]
[debug] [35m[UiAutomator2][39m Getting session details from server to mix in
[debug] [35m[WD Proxy][39m Matched '/' to command name 'getSession'
[debug] [35m[WD Proxy][39m Proxying [GET /] to [GET http://127.0.0.1:53593/wd/hub/session/a48843c0-4bd8-464a-a416-add27477af0f] with no body
[debug] [35m[WD Proxy][39m Got response with status 200: {"sessionId":"a48843c0-4bd8-464a-a416-add27477af0f","value":{"lastScrollData":null}}
[debug] [35m[W3C (4cd5dd8e)][39m Responding to client with driver.getSession() result: {"platform":"ANDROID","webStorageEnabled":false,"takesScreenshot":true,"javascriptEnabled":true,"databaseEnabled":false,"networkConnectionEnabled":true,"locationContextEnabled":false,"warnings":{},"desired":{"platformName":"android","platform":"ANDROID","chromedriverPort":53584,"app":"C:\\Users\\LENOVO\\Downloads\\Android-MyDemoAppRN.1.2.0.build-231.apk","autoGrantPermissions":true,"automationName":"uiautomator2","deviceName":"emulator-5554 (Android SDK built for x86 - Android 7.0)","fullReset":false,"newCommandTimeout":1800,"noReset":true,"platformVersion":"7.0","systemPort":53593,"udid":"emulator-5554"},"platformName":"android","chromedriverPort":53584,"app":"C:\\Users\\LENOVO\\Downloads\\Android-MyDemoAppRN.1.2.0.build-231.apk","autoGrantPermissions":true,"automationName":"uiautomator2","deviceName":"emulator-5554","fullReset":false,"newCommandTimeout":1800,"noReset":true,"platformVersion":"7.0","systemPort":53593,"udid":"emulator-5554","deviceUDID":"emulator-5554","appPackage":"com.saucelabs.mydemoapp....
[35m[HTTP][39m [37m<-- GET /wd/hub/session/4cd5dd8e-7c45-406f-979d-f0f35b45cec7 [39m[32m200[39m [90m19 ms - 1305[39m
[35m[HTTP][39m [90m[39m
[35m[HTTP][39m [37m-->[39m [37mGET[39m [37m/wd/hub/status[39m
[35m[HTTP][39m [90m{}[39m
[debug] [35m[GENERIC][39m Calling AppiumDriver.getStatus() with args: []
[debug] [35m[GENERIC][39m Responding to client with driver.getStatus() result: {"build":{"version":"1.22.3"}}
[35m[HTTP][39m [37m<-- GET /wd/hub/status [39m[32m200[39m [90m2 ms - 68[39m
[35m[HTTP][39m [90m[39m
[35m[HTTP][39m [37m-->[39m [37mPOST[39m [37m/wd/hub/session/4cd5dd8e-7c45-406f-979d-f0f35b45cec7/timeouts[39m
[35m[HTTP][39m [90m{"implicit":60000}[39m
[debug] [35m[W3C (4cd5dd8e)][39m Calling AppiumDriver.timeouts() with args: [null,null,null,null,60000,"4cd5dd8e-7c45-406f-979d-f0f35b45cec7"]
[debug] [35m[BaseDriver][39m W3C timeout argument: {"implicit":60000}}
[debug] [35m[BaseDriver][39m Set implicit wait to 60000ms
[debug] [35m[W3C (4cd5dd8e)][39m Responding to client with driver.timeouts() result: null
[35m[HTTP][39m [37m<-- POST /wd/hub/session/4cd5dd8e-7c45-406f-979d-f0f35b45cec7/timeouts [39m[32m200[39m [90m6 ms - 14[39m
[35m[HTTP][39m [90m[39m
[35m[HTTP][39m [37m-->[39m [37mGET[39m [37m/wd/hub/session/4cd5dd8e-7c45-406f-979d-f0f35b45cec7/source[39m
[35m[HTTP][39m [90m{}[39m
[35m[W3C (4cd5dd8e)][39m Driver proxy active, passing request on via HTTP proxy
[debug] [35m[WD Proxy][39m Matched '/wd/hub/session/4cd5dd8e-7c45-406f-979d-f0f35b45cec7/source' to command name 'getPageSource'
[debug] [35m[WD Proxy][39m Proxying [GET /wd/hub/session/4cd5dd8e-7c45-406f-979d-f0f35b45cec7/source] to [GET http://127.0.0.1:53593/wd/hub/session/a48843c0-4bd8-464a-a416-add27477af0f/source] with no body
[debug] [35m[WD Proxy][39m Got response with status 200: {"sessionId":"a48843c0-4bd8-464a-a416-add27477af0f","value":"<?xml version='1.0' encoding='UTF-8' standalone='yes' ?>\r\n<hierarchy index=\"0\" class=\"hierarchy\" rotation=\"0\" width=\"1080\" height=\"2148\">\r\n  <android.widget.FrameLayout index=\"0\" package=\"com.saucelabs.mydemoapp.rn\" class=\"android.widget.FrameLayout\" text=\"\" checkable=\"false\" checked=\"false\" clickable=\"false\" enabled=\"true\" focusable=\"false\" focused=\"false\" long-clickable=\"false\" password=\"false\" scrollable=\"false\" selected=\"false\" bounds=\"[0,0][1080,2148]\" displayed=\"true\">\r\n    <android.widget.LinearLayout index=\"0\" package=\"com.saucelabs.mydemoapp.rn\" class=\"android.widget.LinearLayout\" text=\"\" checkable=\"false\" checked=\"false\" clickable=\"false\" enabled=\"true\" focusable=\"false\" focused=\"false\" long-clickable=\"false\" password=\"false\" scrollable=\"false\" selected=\"false\" bounds=\"[0,0][1080,2148]\" displayed=\"true\">\r\n      <android.widget.FrameLayout index=\"0\" packa...
[35m[WD Proxy][39m Replacing sessionId a48843c0-4bd8-464a-a416-add27477af0f with 4cd5dd8e-7c45-406f-979d-f0f35b45cec7
[35m[HTTP][39m [37m<-- GET /wd/hub/session/4cd5dd8e-7c45-406f-979d-f0f35b45cec7/source [39m[32m200[39m [90m1113 ms - 53617[39m
[35m[HTTP][39m [90m[39m
[35m[HTTP][39m [37m-->[39m [37mGET[39m [37m/wd/hub/session/4cd5dd8e-7c45-406f-979d-f0f35b45cec7/screenshot[39m
[35m[HTTP][39m [90m{}[39m
[debug] [35m[W3C (4cd5dd8e)][39m Calling AppiumDriver.getScreenshot() with args: ["4cd5dd8e-7c45-406f-979d-f0f35b45cec7"]
[debug] [35m[WD Proxy][39m Matched '/screenshot' to command name 'getScreenshot'
[debug] [35m[WD Proxy][39m Proxying [GET /screenshot] to [GET http://127.0.0.1:53593/wd/hub/session/a48843c0-4bd8-464a-a416-add27477af0f/screenshot] with no body
[debug] [35m[WD Proxy][39m Got response with status 200: {"sessionId":"a48843c0-4bd8-464a-a416-add27477af0f","value":"iVBORw0KGgoAAAANSUhEUgAABDgAAAjoCAYAAAA5jhrUAAAABHNCSVQICAgIfAhkiAAAIABJREFU\neJzs3XlwVOeZLvDnnNOSetHeWhBCIJCRwMgGjG0wNtjG29gGY5yYXMe3xp5MUnWHZFKVya2auXPn\nn1uZmpmqe5M7t2ayTzLJxLEn2HESgx2DDTY2iwGxCIRBAi1o37rVq3o957t/fJJQq1v72uL5VaVi\nHZ0+fdRqCZ3nvN/7KkIIASIiIiIiIiKiJKbO9wkQEREREREREU0XAw4iIiIiIiIiSnoMOIiIiIiI\niIgo6THgICIiIiIiIqKkx4CDiIiIiIiIiJIeAw4iIiIiIiIiSnoMOIiIiIiIiIgo6THgICIiIiIi\nIqKkx4CDiIiIiIiIiJIeAw4iIiIiIiIiSnoMOIiIiIiIiIgo6THgICIiIiIiIqKkZ5rvE5gKl8uF\nEydOoL+/f8rHsNlsuOeee1BYWAhFUWbw7IiIiIiIaCFyOBwAALvdPs9nkvyi0ShMprm/nDxw4AAa\nGxsntO+9996LDRs2wGq1zvJZ0UKRdAFHV1cXXnvtNdTV1U37WB9//DGeeeYZPPLII9M/MSIiIiIi\nWjD6+/tRXV2Nuro6XLx4Me7mqNVqxYYNG7BhwwasXr16zi+CHQ7HUOBisVhQUlISc+6tra1jPr68\nvBwtLS0IBAIJP2+322ctyKmrq0NhYSGysrJm5fhjaWxsRE1NzYT2LS4uxrp162b5jGghSaqAo7e3\nFz/5yU/G/WGfKLfbjf3796OoqAgVFRUzckwiIiIiIppfp06dwv79+8es+O7v78fJkydx8uRJWK1W\n7N27Fw888MCcnePJkydx8OBBADKs+Pa3vz30udbWVnz3u98d8/E//vGPsX///lFv/O7cuRO7du2a\nuRMeUFdXh66uLhQWFs74sYmm...
[debug] [35m[W3C (4cd5dd8e)][39m Responding to client with driver.getScreenshot() result: "iVBORw0KGgoAAAANSUhEUgAABDgAAAjoCAYAAAA5jhrUAAAABHNCSVQICAgIfAhkiAAAIABJREFU\neJzs3XlwVOeZLvDnnNOSetHeWhBCIJCRwMgGjG0wNtjG29gGY5yYXMe3xp5MUnWHZFKVya2auXPn\nn1uZmpmqe5M7t2ayTzLJxLEn2HESgx2DDTY2iwGxCIRBAi1o37rVq3o957t/fJJQq1v72uL5VaVi\nHZ0+fdRqCZ3nvN/7KkIIASIiIiIiIiKiJKbO9wkQEREREREREU0XAw4iIiIiIiIiSnoMOIiIiIiI\niIgo6THgICIiIiIiIqKkx4CDiIiIiIiIiJIeAw4iIiIiIiIiSnoMOIiIiIiIiIgo6THgICIiIiIi\nIqKkx4CDiIiIiIiIiJIeAw4iIiIiIiIiSnoMOIiIiIiIiIgo6THgICIiIiIiIqKkZ5rvE5gKl8uF\nEydOoL+/f8rHsNlsuOeee1BYWAhFUWbw7IiIiIiIaCFyOBwAALvdPs9nkvyi0ShMprm/nDxw4AAa\nGxsntO+9996LDRs2wGq1zvJZ0UKRdAFHV1cXXnvtNdTV1U37WB9//DGeeeYZPPLII9M/MSIiIiIi\nWjD6+/tRXV2Nuro6XLx4Me7mqNVqxYYNG7BhwwasXr16zi+CHQ7HUOBisVhQUlISc+6tra1jPr68\nvBwtLS0IBAIJP2+322ctyKmrq0NhYSGysrJm5fhjaWxsRE1NzYT2LS4uxrp162b5jGghSaqAo7e3\nFz/5yU/G/WGfKLfbjf3796OoqAgVFRUzckwiIiIiIppfp06dwv79+8es+O7v78fJkydx8uRJWK1W\n7N27Fw888MCcnePJkydx8OBBADKs+Pa3vz30udbWVnz3u98d8/E//vGPsX///lFv/O7cuRO7du2a\nuRMeUFdXh66uLhQWFs74sYmmK2kCDqfTiV/96lczFm4M0nUdJ06cYMBBRERERJTkHA4HfvjDH6Kl\npWVSj+...
[35m[HTTP][39m [37m<-- GET /wd/hub/session/4cd5dd8e-7c45-406f-979d-f0f35b45cec7/screenshot [39m[32m200[39m [90m1777 ms - 1760790[39m
[35m[HTTP][39m [90m[39m
[35m[HTTP][39m [37m-->[39m [37mPOST[39m [37m/wd/hub/session/4cd5dd8e-7c45-406f-979d-f0f35b45cec7/elements[39m
[35m[HTTP][39m [90m{"using":"xpath","value":"//*[@class = 'android.widget.ImageView' and (@text = '' or . = '')]"}[39m
[debug] [35m[W3C (4cd5dd8e)][39m Calling AppiumDriver.findElements() with args: ["xpath","//*[@class = 'android.widget.ImageView' and (@text = '' or . = '')]","4cd5dd8e-7c45-406f-979d-f0f35b45cec7"]
[debug] [35m[BaseDriver][39m Valid locator strategies for this request: xpath, id, class name, accessibility id, css selector, -android uiautomator
[debug] [35m[BaseDriver][39m Waiting up to 60000 ms for condition
[debug] [35m[WD Proxy][39m Matched '/elements' to command name 'findElements'
[debug] [35m[WD Proxy][39m Proxying [POST /elements] to [POST http://127.0.0.1:53593/wd/hub/session/a48843c0-4bd8-464a-a416-add27477af0f/elements] with body: {"strategy":"xpath","selector":"//*[@class = 'android.widget.ImageView' and (@text = '' or . = '')]","context":"","multiple":true}
[debug] [35m[WD Proxy][39m Got response with status 200: {"sessionId":"a48843c0-4bd8-464a-a416-add27477af0f","value":[{"ELEMENT":"00000000-0000-040d-7fff-ffff00000046","element-6066-11e4-a52e-4f735466cecf":"00000000-0000-040d-7fff-ffff00000046"},{"ELEMENT":"00000000-0000-040d-7fff-ffff00000045","element-6066-11e4-a52e-4f735466cecf":"00000000-0000-040d-7fff-ffff00000045"},{"ELEMENT":"00000000-0000-040d-7fff-ffff00000047","element-6066-11e4-a52e-4f735466cecf":"00000000-0000-040d-7fff-ffff00000047"},{"ELEMENT":"00000000-0000-040d-7fff-ffff00000048","element-6066-11e4-a52e-4f735466cecf":"00000000-0000-040d-7fff-ffff00000048"},{"ELEMENT":"00000000-0000-040d-7fff-ffff0000006a","element-6066-11e4-a52e-4f735466cecf":"00000000-0000-040d-7fff-ffff0000006a"},{"ELEMENT":"00000000-0000-040d-7fff-ffff00000063","element-6066-11e4-a52e-4f735466cecf":"00000000-0000-040d-7fff-ffff00000063"},{"ELEMENT":"00000000-0000-040d-7fff-ffff00000079","element-6066-11e4-a52e-4f735466cecf":"00000000-0000-040d-7fff-ffff00000079"},{"ELEMENT":"00000000-0000-040d-7fff-ffff00000087","element-6066-...
[debug] [35m[W3C (4cd5dd8e)][39m Responding to client with driver.findElements() result: [{"element-6066-11e4-a52e-4f735466cecf":"00000000-0000-040d-7fff-ffff00000046","ELEMENT":"00000000-0000-040d-7fff-ffff00000046"},{"element-6066-11e4-a52e-4f735466cecf":"00000000-0000-040d-7fff-ffff00000045","ELEMENT":"00000000-0000-040d-7fff-ffff00000045"},{"element-6066-11e4-a52e-4f735466cecf":"00000000-0000-040d-7fff-ffff00000047","ELEMENT":"00000000-0000-040d-7fff-ffff00000047"},{"element-6066-11e4-a52e-4f735466cecf":"00000000-0000-040d-7fff-ffff00000048","ELEMENT":"00000000-0000-040d-7fff-ffff00000048"},{"element-6066-11e4-a52e-4f735466cecf":"00000000-0000-040d-7fff-ffff0000006a","ELEMENT":"00000000-0000-040d-7fff-ffff0000006a"},{"element-6066-11e4-a52e-4f735466cecf":"00000000-0000-040d-7fff-ffff00000063","ELEMENT":"00000000-0000-040d-7fff-ffff00000063"},{"element-6066-11e4-a52e-4f735466cecf":"00000000-0000-040d-7fff-ffff00000079","ELEMENT":"00000000-0000-040d-7fff-ffff00000079"},{"element-6066-11e4-a52e-4f735466cecf":"00000000-0000-040d-7fff-ffff00000087","ELEMENT":"00000000-0000-040d-7fff-ffff0000008...
[35m[HTTP][39m [37m<-- POST /wd/hub/session/4cd5dd8e-7c45-406f-979d-f0f35b45cec7/elements [39m[32m200[39m [90m1232 ms - 1291[39m
[35m[HTTP][39m [90m[39m
[35m[HTTP][39m [37m-->[39m [37mPOST[39m [37m/wd/hub/session/4cd5dd8e-7c45-406f-979d-f0f35b45cec7/elements[39m
[35m[HTTP][39m [90m{"using":"-android uiautomator","value":"new UiSelector().className(\"android.widget.ImageView\")"}[39m
[debug] [35m[W3C (4cd5dd8e)][39m Calling AppiumDriver.findElements() with args: ["-android uiautomator","new UiSelector().className(\"android.widget.ImageView\")","4cd5dd8e-7c45-406f-979d-f0f35b45cec7"]
[debug] [35m[BaseDriver][39m Valid locator strategies for this request: xpath, id, class name, accessibility id, css selector, -android uiautomator
[debug] [35m[BaseDriver][39m Waiting up to 60000 ms for condition
[debug] [35m[WD Proxy][39m Matched '/elements' to command name 'findElements'
[debug] [35m[WD Proxy][39m Proxying [POST /elements] to [POST http://127.0.0.1:53593/wd/hub/session/a48843c0-4bd8-464a-a416-add27477af0f/elements] with body: {"strategy":"-android uiautomator","selector":"new UiSelector().className(\"android.widget.ImageView\")","context":"","multiple":true}
[debug] [35m[WD Proxy][39m Got response with status 200: {"sessionId":"a48843c0-4bd8-464a-a416-add27477af0f","value":[{"ELEMENT":"00000000-0000-040d-7fff-ffff00000046","element-6066-11e4-a52e-4f735466cecf":"00000000-0000-040d-7fff-ffff00000046"},{"ELEMENT":"00000000-0000-040d-7fff-ffff00000045","element-6066-11e4-a52e-4f735466cecf":"00000000-0000-040d-7fff-ffff00000045"},{"ELEMENT":"00000000-0000-040d-7fff-ffff00000047","element-6066-11e4-a52e-4f735466cecf":"00000000-0000-040d-7fff-ffff00000047"},{"ELEMENT":"00000000-0000-040d-7fff-ffff00000048","element-6066-11e4-a52e-4f735466cecf":"00000000-0000-040d-7fff-ffff00000048"},{"ELEMENT":"00000000-0000-040d-7fff-ffff0000006a","element-6066-11e4-a52e-4f735466cecf":"00000000-0000-040d-7fff-ffff0000006a"},{"ELEMENT":"00000000-0000-040d-7fff-ffff00000063","element-6066-11e4-a52e-4f735466cecf":"00000000-0000-040d-7fff-ffff00000063"},{"ELEMENT":"00000000-0000-040d-7fff-ffff00000079","element-6066-11e4-a52e-4f735466cecf":"00000000-0000-040d-7fff-ffff00000079"},{"ELEMENT":"00000000-0000-040d-7fff-ffff00000087","element-6066-...
[debug] [35m[W3C (4cd5dd8e)][39m Responding to client with driver.findElements() result: [{"element-6066-11e4-a52e-4f735466cecf":"00000000-0000-040d-7fff-ffff00000046","ELEMENT":"00000000-0000-040d-7fff-ffff00000046"},{"element-6066-11e4-a52e-4f735466cecf":"00000000-0000-040d-7fff-ffff00000045","ELEMENT":"00000000-0000-040d-7fff-ffff00000045"},{"element-6066-11e4-a52e-4f735466cecf":"00000000-0000-040d-7fff-ffff00000047","ELEMENT":"00000000-0000-040d-7fff-ffff00000047"},{"element-6066-11e4-a52e-4f735466cecf":"00000000-0000-040d-7fff-ffff00000048","ELEMENT":"00000000-0000-040d-7fff-ffff00000048"},{"element-6066-11e4-a52e-4f735466cecf":"00000000-0000-040d-7fff-ffff0000006a","ELEMENT":"00000000-0000-040d-7fff-ffff0000006a"},{"element-6066-11e4-a52e-4f735466cecf":"00000000-0000-040d-7fff-ffff00000063","ELEMENT":"00000000-0000-040d-7fff-ffff00000063"},{"element-6066-11e4-a52e-4f735466cecf":"00000000-0000-040d-7fff-ffff00000079","ELEMENT":"00000000-0000-040d-7fff-ffff00000079"},{"element-6066-11e4-a52e-4f735466cecf":"00000000-0000-040d-7fff-ffff00000087","ELEMENT":"00000000-0000-040d-7fff-ffff0000008...
[35m[HTTP][39m [37m<-- POST /wd/hub/session/4cd5dd8e-7c45-406f-979d-f0f35b45cec7/elements [39m[32m200[39m [90m302 ms - 1291[39m
[35m[HTTP][39m [90m[39m
[35m[HTTP][39m [37m-->[39m [37mGET[39m [37m/wd/hub/session/4cd5dd8e-7c45-406f-979d-f0f35b45cec7/window/rect[39m
[35m[HTTP][39m [90m{}[39m
[debug] [35m[W3C (4cd5dd8e)][39m Calling AppiumDriver.getWindowRect() with args: ["4cd5dd8e-7c45-406f-979d-f0f35b45cec7"]
[debug] [35m[WD Proxy][39m Matched '/window/current/size' to command name 'getWindowSize'
[debug] [35m[WD Proxy][39m Proxying [GET /window/current/size] to [GET http://127.0.0.1:53593/wd/hub/session/a48843c0-4bd8-464a-a416-add27477af0f/window/current/size] with no body
[debug] [35m[WD Proxy][39m Got response with status 200: {"sessionId":"a48843c0-4bd8-464a-a416-add27477af0f","value":{"height":2148,"width":1080}}
[debug] [35m[W3C (4cd5dd8e)][39m Responding to client with driver.getWindowRect() result: {"width":1080,"height":2148,"x":0,"y":0}
[35m[HTTP][39m [37m<-- GET /wd/hub/session/4cd5dd8e-7c45-406f-979d-f0f35b45cec7/window/rect [39m[32m200[39m [90m41 ms - 50[39m
[35m[HTTP][39m [90m[39m
[35m[HTTP][39m [37m-->[39m [37mPOST[39m [37m/wd/hub/session/4cd5dd8e-7c45-406f-979d-f0f35b45cec7/elements[39m
[35m[HTTP][39m [90m{"using":"xpath","value":"//hierarchy/android.widget.FrameLayout[1]/android.widget.LinearLayout[1]/android.widget.FrameLayout[1]/android.widget.LinearLayout[1]/android.widget.FrameLayout[1]/android.widget.FrameLayout[1]/android.view.ViewGroup[1]/android.view.ViewGroup[1]/android.view.ViewGroup[1]/android.view.ViewGroup[1]/android.view.ViewGroup[1]/android.view.ViewGroup[1]/android.widget.FrameLayout[1]/android.view.ViewGroup[1]/android.view.ViewGroup[1]/android.view.ViewGroup[1]/android.view.ViewGroup[1]/android.view.ViewGroup[1]/android.widget.FrameLayout[1]/android.view.ViewGroup[1]/android.view.ViewGroup[1]/android.view.ViewGroup[1]/android.view.ViewGroup[1]/android.view.ViewGroup[1]/android.view.ViewGroup[1]/android.view.ViewGroup[1]/android.view.ViewGroup[1]/android.view.ViewGroup[1]/android.widget.ImageView[1]"}[39m
[debug] [35m[W3C (4cd5dd8e)][39m Calling AppiumDriver.findElements() with args: ["xpath","//hierarchy/android.widget.FrameLayout[1]/android.widget.LinearLayout[1]/android.widget.FrameLayout[1]/android.widget.LinearLayout[1]/android.widget.FrameLayout[1]/android.widget.FrameLayout[1]/android.view.ViewGroup[1]/android.view.ViewGroup[1]/android.view.ViewGroup[1]/android.view.ViewGroup[1]/android.view.ViewGroup[1]/android.view.ViewGroup[1]/android.widget.FrameLayout[1]/android.view.ViewGroup[1]/android.view.ViewGroup[1]/android.view.ViewGroup[1]/android.view.ViewGroup[1]/android.view.ViewGroup[1]/android.widget.FrameLayout[1]/android.view.ViewGroup[1]/android.view.ViewGroup[1]/android.view.ViewGroup[1]/android.view.ViewGroup[1]/android.view.ViewGroup[1]/android.view.ViewGroup[1]/android.view.ViewGroup[1]/android.view.ViewGroup[1]/android.view.ViewGroup[1]/android.widget.ImageView[1]","4cd5dd8e-7c45-406f-979d-f0f35b45cec7"]
[debug] [35m[BaseDriver][39m Valid locator strategies for this request: xpath, id, class name, accessibility id, css selector, -android uiautomator
[debug] [35m[BaseDriver][39m Waiting up to 60000 ms for condition
[debug] [35m[WD Proxy][39m Matched '/elements' to command name 'findElements'
[debug] [35m[WD Proxy][39m Proxying [POST /elements] to [POST http://127.0.0.1:53593/wd/hub/session/a48843c0-4bd8-464a-a416-add27477af0f/elements] with body: {"strategy":"xpath","selector":"//hierarchy/android.widget.FrameLayout[1]/android.widget.LinearLayout[1]/android.widget.FrameLayout[1]/android.widget.LinearLayout[1]/android.widget.FrameLayout[1]/android.widget.FrameLayout[1]/android.view.ViewGroup[1]/android.view.ViewGroup[1]/android.view.ViewGroup[1]/android.view.ViewGroup[1]/android.view.ViewGroup[1]/android.view.ViewGroup[1]/android.widget.FrameLayout[1]/android.view.ViewGroup[1]/android.view.ViewGroup[1]/android.view.ViewGroup[1]/android.view.ViewGroup[1]/android.view.ViewGroup[1]/android.widget.FrameLayout[1]/android.view.ViewGroup[1]/android.view.ViewGroup[1]/android.view.ViewGroup[1]/android.view.ViewGroup[1]/android.view.ViewGroup[1]/android.view.ViewGroup[1]/android.view.ViewGroup[1]/android.view.ViewGroup[1]/android.view.ViewGroup[1]/android.widget.ImageView[1]","context":"","multiple":true}
[debug] [35m[WD Proxy][39m Got response with status 200: {"sessionId":"a48843c0-4bd8-464a-a416-add27477af0f","value":[{"ELEMENT":"00000000-0000-040d-7fff-ffff00000046","element-6066-11e4-a52e-4f735466cecf":"00000000-0000-040d-7fff-ffff00000046"}]}
[debug] [35m[W3C (4cd5dd8e)][39m Responding to client with driver.findElements() result: [{"element-6066-11e4-a52e-4f735466cecf":"00000000-0000-040d-7fff-ffff00000046","ELEMENT":"00000000-0000-040d-7fff-ffff00000046"}]
[35m[HTTP][39m [37m<-- POST /wd/hub/session/4cd5dd8e-7c45-406f-979d-f0f35b45cec7/elements [39m[32m200[39m [90m329 ms - 139[39m
[35m[HTTP][39m [90m[39m
[35m[HTTP][39m [37m-->[39m [37mGET[39m [37m/wd/hub/session/4cd5dd8e-7c45-406f-979d-f0f35b45cec7/element/00000000-0000-040d-7fff-ffff00000046/location[39m
[35m[HTTP][39m [90m{}[39m
[35m[W3C (4cd5dd8e)][39m Driver proxy active, passing request on via HTTP proxy
[debug] [35m[WD Proxy][39m Matched '/wd/hub/session/4cd5dd8e-7c45-406f-979d-f0f35b45cec7/element/00000000-0000-040d-7fff-ffff00000046/location' to command name 'getLocation'
[debug] [35m[WD Proxy][39m Proxying [GET /wd/hub/session/4cd5dd8e-7c45-406f-979d-f0f35b45cec7/element/00000000-0000-040d-7fff-ffff00000046/location] to [GET http://127.0.0.1:53593/wd/hub/session/a48843c0-4bd8-464a-a416-add27477af0f/element/00000000-0000-040d-7fff-ffff00000046/location] with no body
[debug] [35m[WD Proxy][39m Got response with status 200: {"sessionId":"a48843c0-4bd8-464a-a416-add27477af0f","value":{"x":55,"y":101}}
[35m[WD Proxy][39m Replacing sessionId a48843c0-4bd8-464a-a416-add27477af0f with 4cd5dd8e-7c45-406f-979d-f0f35b45cec7
[35m[HTTP][39m [37m<-- GET /wd/hub/session/4cd5dd8e-7c45-406f-979d-f0f35b45cec7/element/00000000-0000-040d-7fff-ffff00000046/location [39m[32m200[39m [90m34 ms - 77[39m
[35m[HTTP][39m [90m[39m
[35m[HTTP][39m [37m-->[39m [37mPOST[39m [37m/wd/hub/session/4cd5dd8e-7c45-406f-979d-f0f35b45cec7/element/00000000-0000-040d-7fff-ffff00000046/click[39m
[35m[HTTP][39m [90m{"id":"00000000-0000-040d-7fff-ffff00000046"}[39m
[debug] [35m[W3C (4cd5dd8e)][39m Calling AppiumDriver.click() with args: ["00000000-0000-040d-7fff-ffff00000046","4cd5dd8e-7c45-406f-979d-f0f35b45cec7"]
[debug] [35m[WD Proxy][39m Matched '/element/00000000-0000-040d-7fff-ffff00000046/click' to command name 'click'
[debug] [35m[WD Proxy][39m Proxying [POST /element/00000000-0000-040d-7fff-ffff00000046/click] to [POST http://127.0.0.1:53593/wd/hub/session/a48843c0-4bd8-464a-a416-add27477af0f/element/00000000-0000-040d-7fff-ffff00000046/click] with body: {"element":"00000000-0000-040d-7fff-ffff00000046"}
[debug] [35m[WD Proxy][39m Got response with status 200: {"sessionId":"a48843c0-4bd8-464a-a416-add27477af0f","value":null}
[debug] [35m[W3C (4cd5dd8e)][39m Responding to client with driver.click() result: null
[35m[HTTP][39m [37m<-- POST /wd/hub/session/4cd5dd8e-7c45-406f-979d-f0f35b45cec7/element/00000000-0000-040d-7fff-ffff00000046/click [39m[32m200[39m [90m45 ms - 14[39m
[35m[HTTP][39m [90m[39m
[35m[HTTP][39m [37m-->[39m [37mGET[39m [37m/wd/hub/session/4cd5dd8e-7c45-406f-979d-f0f35b45cec7/source[39m
[35m[HTTP][39m [90m{}[39m
[35m[W3C (4cd5dd8e)][39m Driver proxy active, passing request on via HTTP proxy
[debug] [35m[WD Proxy][39m Matched '/wd/hub/session/4cd5dd8e-7c45-406f-979d-f0f35b45cec7/source' to command name 'getPageSource'
[debug] [35m[WD Proxy][39m Proxying [GET /wd/hub/session/4cd5dd8e-7c45-406f-979d-f0f35b45cec7/source] to [GET http://127.0.0.1:53593/wd/hub/session/a48843c0-4bd8-464a-a416-add27477af0f/source] with no body
[debug] [35m[WD Proxy][39m Got response with status 200: {"sessionId":"a48843c0-4bd8-464a-a416-add27477af0f","value":"<?xml version='1.0' encoding='UTF-8' standalone='yes' ?>\r\n<hierarchy index=\"0\" class=\"hierarchy\" rotation=\"0\" width=\"1080\" height=\"2148\">\r\n  <android.widget.FrameLayout index=\"0\" package=\"com.saucelabs.mydemoapp.rn\" class=\"android.widget.FrameLayout\" text=\"\" checkable=\"false\" checked=\"false\" clickable=\"false\" enabled=\"true\" focusable=\"false\" focused=\"false\" long-clickable=\"false\" password=\"false\" scrollable=\"false\" selected=\"false\" bounds=\"[0,0][1080,2148]\" displayed=\"true\">\r\n    <android.widget.LinearLayout index=\"0\" package=\"com.saucelabs.mydemoapp.rn\" class=\"android.widget.LinearLayout\" text=\"\" checkable=\"false\" checked=\"false\" clickable=\"false\" enabled=\"true\" focusable=\"false\" focused=\"false\" long-clickable=\"false\" password=\"false\" scrollable=\"false\" selected=\"false\" bounds=\"[0,0][1080,2148]\" displayed=\"true\">\r\n      <android.widget.FrameLayout index=\"0\" packa...
[35m[WD Proxy][39m Replacing sessionId a48843c0-4bd8-464a-a416-add27477af0f with 4cd5dd8e-7c45-406f-979d-f0f35b45cec7
[35m[HTTP][39m [37m<-- GET /wd/hub/session/4cd5dd8e-7c45-406f-979d-f0f35b45cec7/source [39m[32m200[39m [90m1482 ms - 67376[39m
[35m[HTTP][39m [90m[39m
[35m[HTTP][39m [37m-->[39m [37mGET[39m [37m/wd/hub/session/4cd5dd8e-7c45-406f-979d-f0f35b45cec7/screenshot[39m
[35m[HTTP][39m [90m{}[39m
[debug] [35m[W3C (4cd5dd8e)][39m Calling AppiumDriver.getScreenshot() with args: ["4cd5dd8e-7c45-406f-979d-f0f35b45cec7"]
[debug] [35m[WD Proxy][39m Matched '/screenshot' to command name 'getScreenshot'
[debug] [35m[WD Proxy][39m Proxying [GET /screenshot] to [GET http://127.0.0.1:53593/wd/hub/session/a48843c0-4bd8-464a-a416-add27477af0f/screenshot] with no body
[debug] [35m[WD Proxy][39m Got response with status 200: {"sessionId":"a48843c0-4bd8-464a-a416-add27477af0f","value":"iVBORw0KGgoAAAANSUhEUgAABDgAAAjoCAYAAAA5jhrUAAAABHNCSVQICAgIfAhkiAAAIABJREFU\neJzs3XeU1fWd//HX9/YyfYYmRdQVRFBQsOGKBRse1GAAY8xRYzQxaBINZo3Z/KKJSdZNTIybVdHE\niiXBlghiBUJUiAUUxUVQEBjazDD99vb9/XGZK3funV7vzPNxzpz1+7nf8hlmcs5+X/P5vN+GaZqm\nAAAAAAAAcpilrycAAAAAAADQVQQcAAAAAAAg5xFwAAAAAACAnEfAAQAAAAAAch4BBwAAAAAAyHkE\nHAAAAAAAIOcRcAAAAAAAgJxHwAEAAAAAAHIeAQcAAAAAAMh5BBwAAAAAACDnEXAAAAAAAICcR8AB\nAAAAAABynq2vJ9AZdXV1evvttxUIBDp9D6/Xq+OPP17Dhg2TYRjdODsAAAAA/VF1dbUkqbS0tI9n\nkvtisZhstt5/nVy6dKm++OKLdp07bdo0TZkyRR6Pp4dnhf4i5wKOiooKPfHEE9qyZUuX7/WPf/xD\nF1xwgc4444yuTwwAAABAvxEIBLRhwwZt2bJFH374YcYfRz0ej6ZMmaIpU6boyCOP7PWX4Orq6lTg\n4na7NXr06LS579q1q9Xrx40bp/LycgWDwayfl5aW9liQs2XLFg0bNkyFhYU9cv/WfPHFF9q4cWO7\nzh05cqQmTpzYwzNCf5JTAcf+/fv14IMPtvk/9vaqr6/XkiVLNGLECI0fP75b7gkAAACgb61du1ZL\nlixpdcV3IBDQmjVrtGbNGnk8Hs2fP1+nnHJKr81xzZo1WrZsmaRkWLFw4cLUZ7t27dLvfve7Vq9/\n4IEHtGTJkhb/8Dt79mxdeOGF3TfhA7Zs2aKKigoNGzas2+8NdFXOBBw1NTVavHhxt4UbTeLxuN5+\n+20CDgAAACDHVVdX6/7771d5...
[debug] [35m[W3C (4cd5dd8e)][39m Responding to client with driver.getScreenshot() result: "iVBORw0KGgoAAAANSUhEUgAABDgAAAjoCAYAAAA5jhrUAAAABHNCSVQICAgIfAhkiAAAIABJREFU\neJzs3XeU1fWd//HX9/YyfYYmRdQVRFBQsOGKBRse1GAAY8xRYzQxaBINZo3Z/KKJSdZNTIybVdHE\niiXBlghiBUJUiAUUxUVQEBjazDD99vb9/XGZK3funV7vzPNxzpz1+7nf8hlmcs5+X/P5vN+GaZqm\nAAAAAAAAcpilrycAAAAAAADQVQQcAAAAAAAg5xFwAAAAAACAnEfAAQAAAAAAch4BBwAAAAAAyHkE\nHAAAAAAAIOcRcAAAAAAAgJxHwAEAAAAAAHIeAQcAAAAAAMh5BBwAAAAAACDnEXAAAAAAAICcR8AB\nAAAAAABynq2vJ9AZdXV1evvttxUIBDp9D6/Xq+OPP17Dhg2TYRjdODsAAAAA/VF1dbUkqbS0tI9n\nkvtisZhstt5/nVy6dKm++OKLdp07bdo0TZkyRR6Pp4dnhf4i5wKOiooKPfHEE9qyZUuX7/WPf/xD\nF1xwgc4444yuTwwAAABAvxEIBLRhwwZt2bJFH374YcYfRz0ej6ZMmaIpU6boyCOP7PWX4Orq6lTg\n4na7NXr06LS579q1q9Xrx40bp/LycgWDwayfl5aW9liQs2XLFg0bNkyFhYU9cv/WfPHFF9q4cWO7\nzh05cqQmTpzYwzNCf5JTAcf+/fv14IMPtvk/9vaqr6/XkiVLNGLECI0fP75b7gkAAACgb61du1ZL\nlixpdcV3IBDQmjVrtGbNGnk8Hs2fP1+nnHJKr81xzZo1WrZsmaRkWLFw4cLUZ7t27dLvfve7Vq9/\n4IEHtGTJkhb/8Dt79mxdeOGF3TfhA7Zs2aKKigoNGzas2+8NdFXOBBw1NTVavHhxt4UbTeLxuN5+\n+20CDgAAACDHVVdX6/7771d5eXmHrgsEAnr00Ue1YsUKffe732ULSwuawg2gv8qJgGPfvn3605/+\nlAo3PB...
[35m[HTTP][39m [37m<-- GET /wd/hub/session/4cd5dd8e-7c45-406f-979d-f0f35b45cec7/screenshot [39m[32m200[39m [90m557 ms - 713250[39m
[35m[HTTP][39m [90m[39m
[35m[HTTP][39m [37m-->[39m [37mPOST[39m [37m/wd/hub/session/4cd5dd8e-7c45-406f-979d-f0f35b45cec7/elements[39m
[35m[HTTP][39m [90m{"using":"xpath","value":"//*[@class = 'android.widget.TextView' and (@text = 'Catalog' or . = 'Catalog')]"}[39m
[debug] [35m[W3C (4cd5dd8e)][39m Calling AppiumDriver.findElements() with args: ["xpath","//*[@class = 'android.widget.TextView' and (@text = 'Catalog' or . = 'Catalog')]","4cd5dd8e-7c45-406f-979d-f0f35b45cec7"]
[debug] [35m[BaseDriver][39m Valid locator strategies for this request: xpath, id, class name, accessibility id, css selector, -android uiautomator
[debug] [35m[BaseDriver][39m Waiting up to 60000 ms for condition
[debug] [35m[WD Proxy][39m Matched '/elements' to command name 'findElements'
[debug] [35m[WD Proxy][39m Proxying [POST /elements] to [POST http://127.0.0.1:53593/wd/hub/session/a48843c0-4bd8-464a-a416-add27477af0f/elements] with body: {"strategy":"xpath","selector":"//*[@class = 'android.widget.TextView' and (@text = 'Catalog' or . = 'Catalog')]","context":"","multiple":true}
[debug] [35m[WD Proxy][39m Got response with status 200: {"sessionId":"a48843c0-4bd8-464a-a416-add27477af0f","value":[{"ELEMENT":"00000000-0000-040d-7fff-ffff00000023","element-6066-11e4-a52e-4f735466cecf":"00000000-0000-040d-7fff-ffff00000023"}]}
[debug] [35m[W3C (4cd5dd8e)][39m Responding to client with driver.findElements() result: [{"element-6066-11e4-a52e-4f735466cecf":"00000000-0000-040d-7fff-ffff00000023","ELEMENT":"00000000-0000-040d-7fff-ffff00000023"}]
[35m[HTTP][39m [37m<-- POST /wd/hub/session/4cd5dd8e-7c45-406f-979d-f0f35b45cec7/elements [39m[32m200[39m [90m448 ms - 139[39m
[35m[HTTP][39m [90m[39m
[35m[HTTP][39m [37m-->[39m [37mGET[39m [37m/wd/hub/session/4cd5dd8e-7c45-406f-979d-f0f35b45cec7/window/rect[39m
[35m[HTTP][39m [90m{}[39m
[debug] [35m[W3C (4cd5dd8e)][39m Calling AppiumDriver.getWindowRect() with args: ["4cd5dd8e-7c45-406f-979d-f0f35b45cec7"]
[debug] [35m[WD Proxy][39m Matched '/window/current/size' to command name 'getWindowSize'
[debug] [35m[WD Proxy][39m Proxying [GET /window/current/size] to [GET http://127.0.0.1:53593/wd/hub/session/a48843c0-4bd8-464a-a416-add27477af0f/window/current/size] with no body
[debug] [35m[WD Proxy][39m Got response with status 200: {"sessionId":"a48843c0-4bd8-464a-a416-add27477af0f","value":{"height":2148,"width":1080}}
[debug] [35m[W3C (4cd5dd8e)][39m Responding to client with driver.getWindowRect() result: {"width":1080,"height":2148,"x":0,"y":0}
[35m[HTTP][39m [37m<-- GET /wd/hub/session/4cd5dd8e-7c45-406f-979d-f0f35b45cec7/window/rect [39m[32m200[39m [90m24 ms - 50[39m
[35m[HTTP][39m [90m[39m
[35m[HTTP][39m [37m-->[39m [37mPOST[39m [37m/wd/hub/session/4cd5dd8e-7c45-406f-979d-f0f35b45cec7/elements[39m
[35m[HTTP][39m [90m{"using":"xpath","value":"//*[@class = 'android.widget.TextView' and (@text = 'Catalog' or . = 'Catalog')]"}[39m
[debug] [35m[W3C (4cd5dd8e)][39m Calling AppiumDriver.findElements() with args: ["xpath","//*[@class = 'android.widget.TextView' and (@text = 'Catalog' or . = 'Catalog')]","4cd5dd8e-7c45-406f-979d-f0f35b45cec7"]
[debug] [35m[BaseDriver][39m Valid locator strategies for this request: xpath, id, class name, accessibility id, css selector, -android uiautomator
[debug] [35m[BaseDriver][39m Waiting up to 60000 ms for condition
[debug] [35m[WD Proxy][39m Matched '/elements' to command name 'findElements'
[debug] [35m[WD Proxy][39m Proxying [POST /elements] to [POST http://127.0.0.1:53593/wd/hub/session/a48843c0-4bd8-464a-a416-add27477af0f/elements] with body: {"strategy":"xpath","selector":"//*[@class = 'android.widget.TextView' and (@text = 'Catalog' or . = 'Catalog')]","context":"","multiple":true}
[debug] [35m[WD Proxy][39m Got response with status 200: {"sessionId":"a48843c0-4bd8-464a-a416-add27477af0f","value":[{"ELEMENT":"00000000-0000-040d-7fff-ffff00000023","element-6066-11e4-a52e-4f735466cecf":"00000000-0000-040d-7fff-ffff00000023"}]}
[debug] [35m[W3C (4cd5dd8e)][39m Responding to client with driver.findElements() result: [{"element-6066-11e4-a52e-4f735466cecf":"00000000-0000-040d-7fff-ffff00000023","ELEMENT":"00000000-0000-040d-7fff-ffff00000023"}]
[35m[HTTP][39m [37m<-- POST /wd/hub/session/4cd5dd8e-7c45-406f-979d-f0f35b45cec7/elements [39m[32m200[39m [90m427 ms - 139[39m
[35m[HTTP][39m [90m[39m
[35m[HTTP][39m [37m-->[39m [37mGET[39m [37m/wd/hub/session/4cd5dd8e-7c45-406f-979d-f0f35b45cec7/element/00000000-0000-040d-7fff-ffff00000023/location[39m
[35m[HTTP][39m [90m{}[39m
[35m[W3C (4cd5dd8e)][39m Driver proxy active, passing request on via HTTP proxy
[debug] [35m[WD Proxy][39m Matched '/wd/hub/session/4cd5dd8e-7c45-406f-979d-f0f35b45cec7/element/00000000-0000-040d-7fff-ffff00000023/location' to command name 'getLocation'
[debug] [35m[WD Proxy][39m Proxying [GET /wd/hub/session/4cd5dd8e-7c45-406f-979d-f0f35b45cec7/element/00000000-0000-040d-7fff-ffff00000023/location] to [GET http://127.0.0.1:53593/wd/hub/session/a48843c0-4bd8-464a-a416-add27477af0f/element/00000000-0000-040d-7fff-ffff00000023/location] with no body
[debug] [35m[WD Proxy][39m Got response with status 200: {"sessionId":"a48843c0-4bd8-464a-a416-add27477af0f","value":{"x":0,"y":127}}
[35m[WD Proxy][39m Replacing sessionId a48843c0-4bd8-464a-a416-add27477af0f with 4cd5dd8e-7c45-406f-979d-f0f35b45cec7
[35m[HTTP][39m [37m<-- GET /wd/hub/session/4cd5dd8e-7c45-406f-979d-f0f35b45cec7/element/00000000-0000-040d-7fff-ffff00000023/location [39m[32m200[39m [90m13 ms - 76[39m
[35m[HTTP][39m [90m[39m
[35m[HTTP][39m [37m-->[39m [37mPOST[39m [37m/wd/hub/session/4cd5dd8e-7c45-406f-979d-f0f35b45cec7/element/00000000-0000-040d-7fff-ffff00000023/click[39m
[35m[HTTP][39m [90m{"id":"00000000-0000-040d-7fff-ffff00000023"}[39m
[debug] [35m[W3C (4cd5dd8e)][39m Calling AppiumDriver.click() with args: ["00000000-0000-040d-7fff-ffff00000023","4cd5dd8e-7c45-406f-979d-f0f35b45cec7"]
[debug] [35m[WD Proxy][39m Matched '/element/00000000-0000-040d-7fff-ffff00000023/click' to command name 'click'
[debug] [35m[WD Proxy][39m Proxying [POST /element/00000000-0000-040d-7fff-ffff00000023/click] to [POST http://127.0.0.1:53593/wd/hub/session/a48843c0-4bd8-464a-a416-add27477af0f/element/00000000-0000-040d-7fff-ffff00000023/click] with body: {"element":"00000000-0000-040d-7fff-ffff00000023"}
[debug] [35m[WD Proxy][39m Got response with status 200: {"sessionId":"a48843c0-4bd8-464a-a416-add27477af0f","value":null}
[debug] [35m[W3C (4cd5dd8e)][39m Responding to client with driver.click() result: null
[35m[HTTP][39m [37m<-- POST /wd/hub/session/4cd5dd8e-7c45-406f-979d-f0f35b45cec7/element/00000000-0000-040d-7fff-ffff00000023/click [39m[32m200[39m [90m21 ms - 14[39m
[35m[HTTP][39m [90m[39m
[35m[HTTP][39m [37m-->[39m [37mGET[39m [37m/wd/hub/session/4cd5dd8e-7c45-406f-979d-f0f35b45cec7/source[39m
[35m[HTTP][39m [90m{}[39m
[35m[W3C (4cd5dd8e)][39m Driver proxy active, passing request on via HTTP proxy
[debug] [35m[WD Proxy][39m Matched '/wd/hub/session/4cd5dd8e-7c45-406f-979d-f0f35b45cec7/source' to command name 'getPageSource'
[debug] [35m[WD Proxy][39m Proxying [GET /wd/hub/session/4cd5dd8e-7c45-406f-979d-f0f35b45cec7/source] to [GET http://127.0.0.1:53593/wd/hub/session/a48843c0-4bd8-464a-a416-add27477af0f/source] with no body
[debug] [35m[WD Proxy][39m Got response with status 200: {"sessionId":"a48843c0-4bd8-464a-a416-add27477af0f","value":"<?xml version='1.0' encoding='UTF-8' standalone='yes' ?>\r\n<hierarchy index=\"0\" class=\"hierarchy\" rotation=\"0\" width=\"1080\" height=\"2148\">\r\n  <android.widget.FrameLayout index=\"0\" package=\"com.saucelabs.mydemoapp.rn\" class=\"android.widget.FrameLayout\" text=\"\" checkable=\"false\" checked=\"false\" clickable=\"false\" enabled=\"true\" focusable=\"false\" focused=\"false\" long-clickable=\"false\" password=\"false\" scrollable=\"false\" selected=\"false\" bounds=\"[0,0][1080,2148]\" displayed=\"true\">\r\n    <android.widget.LinearLayout index=\"0\" package=\"com.saucelabs.mydemoapp.rn\" class=\"android.widget.LinearLayout\" text=\"\" checkable=\"false\" checked=\"false\" clickable=\"false\" enabled=\"true\" focusable=\"false\" focused=\"false\" long-clickable=\"false\" password=\"false\" scrollable=\"false\" selected=\"false\" bounds=\"[0,0][1080,2148]\" displayed=\"true\">\r\n      <android.widget.FrameLayout index=\"0\" packa...
[35m[WD Proxy][39m Replacing sessionId a48843c0-4bd8-464a-a416-add27477af0f with 4cd5dd8e-7c45-406f-979d-f0f35b45cec7
[35m[HTTP][39m [37m<-- GET /wd/hub/session/4cd5dd8e-7c45-406f-979d-f0f35b45cec7/source [39m[32m200[39m [90m1197 ms - 53617[39m
[35m[HTTP][39m [90m[39m
[35m[HTTP][39m [37m-->[39m [37mGET[39m [37m/wd/hub/session/4cd5dd8e-7c45-406f-979d-f0f35b45cec7/screenshot[39m
[35m[HTTP][39m [90m{}[39m
[debug] [35m[W3C (4cd5dd8e)][39m Calling AppiumDriver.getScreenshot() with args: ["4cd5dd8e-7c45-406f-979d-f0f35b45cec7"]
[debug] [35m[WD Proxy][39m Matched '/screenshot' to command name 'getScreenshot'
[debug] [35m[WD Proxy][39m Proxying [GET /screenshot] to [GET http://127.0.0.1:53593/wd/hub/session/a48843c0-4bd8-464a-a416-add27477af0f/screenshot] with no body
[debug] [35m[WD Proxy][39m Got response with status 200: {"sessionId":"a48843c0-4bd8-464a-a416-add27477af0f","value":"iVBORw0KGgoAAAANSUhEUgAABDgAAAjoCAYAAAA5jhrUAAAABHNCSVQICAgIfAhkiAAAIABJREFU\neJzs3XlwVOeZLvDnnNOSetHeWhBCIJCRwMgGjG0wNtjG29gGY5yYXMe3xp5MUnWHZFKVya2auXPn\nn1uZmpmqe5M7t2ayTzLJxLEn2HESgx2DDTY2iwGxCIRBAi1o37rVq3o957t/fJJQq1v72uL5VaVi\nHZ0+fdRqCZ3nvN/7KkIIASIiIiIiIiKiJKbO9wkQEREREREREU0XAw4iIiIiIiIiSnoMOIiIiIiI\niIgo6THgICIiIiIiIqKkx4CDiIiIiIiIiJIeAw4iIiIiIiIiSnoMOIiIiIiIiIgo6THgICIiIiIi\nIqKkx4CDiIiIiIiIiJIeAw4iIiIiIiIiSnoMOIiIiIiIiIgo6THgICIiIiIiIqKkZ5rvE5gKl8uF\nEydOoL+/f8rHsNlsuOeee1BYWAhFUWbw7IiIiIiIaCFyOBwAALvdPs9nkvyi0ShMprm/nDxw4AAa\nGxsntO+9996LDRs2wGq1zvJZ0UKRdAFHV1cXXnvtNdTV1U37WB9//DGeeeYZPPLII9M/MSIiIiIi\nWjD6+/tRXV2Nuro6XLx4Me7mqNVqxYYNG7BhwwasXr16zi+CHQ7HUOBisVhQUlISc+6tra1jPr68\nvBwtLS0IBAIJP2+322ctyKmrq0NhYSGysrJm5fhjaWxsRE1NzYT2LS4uxrp162b5jGghSaqAo7e3\nFz/5yU/G/WGfKLfbjf3796OoqAgVFRUzckwiIiIiIppfp06dwv79+8es+O7v78fJkydx8uRJWK1W\n7N27Fw888MCcnePJkydx8OBBADKs+Pa3vz30udbWVnz3u98d8/E//vGPsX///lFv/O7cuRO7du2a\nuRMeUFdXh66uLhQWFs74sYmm...
[debug] [35m[W3C (4cd5dd8e)][39m Responding to client with driver.getScreenshot() result: "iVBORw0KGgoAAAANSUhEUgAABDgAAAjoCAYAAAA5jhrUAAAABHNCSVQICAgIfAhkiAAAIABJREFU\neJzs3XlwVOeZLvDnnNOSetHeWhBCIJCRwMgGjG0wNtjG29gGY5yYXMe3xp5MUnWHZFKVya2auXPn\nn1uZmpmqe5M7t2ayTzLJxLEn2HESgx2DDTY2iwGxCIRBAi1o37rVq3o957t/fJJQq1v72uL5VaVi\nHZ0+fdRqCZ3nvN/7KkIIASIiIiIiIiKiJKbO9wkQEREREREREU0XAw4iIiIiIiIiSnoMOIiIiIiI\niIgo6THgICIiIiIiIqKkx4CDiIiIiIiIiJIeAw4iIiIiIiIiSnoMOIiIiIiIiIgo6THgICIiIiIi\nIqKkx4CDiIiIiIiIiJIeAw4iIiIiIiIiSnoMOIiIiIiIiIgo6THgICIiIiIiIqKkZ5rvE5gKl8uF\nEydOoL+/f8rHsNlsuOeee1BYWAhFUWbw7IiIiIiIaCFyOBwAALvdPs9nkvyi0ShMprm/nDxw4AAa\nGxsntO+9996LDRs2wGq1zvJZ0UKRdAFHV1cXXnvtNdTV1U37WB9//DGeeeYZPPLII9M/MSIiIiIi\nWjD6+/tRXV2Nuro6XLx4Me7mqNVqxYYNG7BhwwasXr16zi+CHQ7HUOBisVhQUlISc+6tra1jPr68\nvBwtLS0IBAIJP2+322ctyKmrq0NhYSGysrJm5fhjaWxsRE1NzYT2LS4uxrp162b5jGghSaqAo7e3\nFz/5yU/G/WGfKLfbjf3796OoqAgVFRUzckwiIiIiIppfp06dwv79+8es+O7v78fJkydx8uRJWK1W\n7N27Fw888MCcnePJkydx8OBBADKs+Pa3vz30udbWVnz3u98d8/E//vGPsX///lFv/O7cuRO7du2a\nuRMeUFdXh66uLhQWFs74sYmmK2kCDqfTiV/96lczFm4M0nUdJ06cYMBBRERERJTkHA4HfvjDH6Kl\npWVSj+...
[35m[HTTP][39m [37m<-- GET /wd/hub/session/4cd5dd8e-7c45-406f-979d-f0f35b45cec7/screenshot [39m[32m200[39m [90m1013 ms - 1760790[39m
[35m[HTTP][39m [90m[39m
[35m[HTTP][39m [37m-->[39m [37mGET[39m [37m/wd/hub/session/4cd5dd8e-7c45-406f-979d-f0f35b45cec7/screenshot[39m
[35m[HTTP][39m [90m{}[39m
[debug] [35m[W3C (4cd5dd8e)][39m Calling AppiumDriver.getScreenshot() with args: ["4cd5dd8e-7c45-406f-979d-f0f35b45cec7"]
[debug] [35m[WD Proxy][39m Matched '/screenshot' to command name 'getScreenshot'
[debug] [35m[WD Proxy][39m Proxying [GET /screenshot] to [GET http://127.0.0.1:53593/wd/hub/session/a48843c0-4bd8-464a-a416-add27477af0f/screenshot] with no body
[debug] [35m[WD Proxy][39m Got response with status 200: {"sessionId":"a48843c0-4bd8-464a-a416-add27477af0f","value":"iVBORw0KGgoAAAANSUhEUgAABDgAAAjoCAYAAAA5jhrUAAAABHNCSVQICAgIfAhkiAAAIABJREFU\neJzs3XlwHOd5JvDn6x4Ac+C+QfCGCF4QD1EUKUqkJOqyJJI6bGkjeytSXHbVhuu4yvZWJZv9a8up\nSqqy9mYrsWzZiWNHshTT8iXSskmJlCjxvkGCIgESB3FfM5gDgzm7v/3jwzU4BzcGfH5VLguNnp7G\nYACin36/9xVSSgkiIiIiIiIiogSmzfUJEBERERERERFNFQMOIiIiIiIiIkp4DDiIiIiIiIiIKOEx\n4CAiIiIiIiKihMeAg4iIiIiIiIgSHgMOIiIiIiIiIkp4DDiIiIiIiIiIKOEx4CAiIiIiIiKihMeA\ng4iIiIiIiIgSHgMOIiIiIiIiIkp4DDiIiIiIiIiIKOEx4CAiIiIiIiKihGeZ6xOYDLfbjZMnT6Kn\np2fSx3A4HLjvvvtQUFAAIcQ0nh0REREREc1HTqcTAJCTkzPHZ5L4otEoLJbZv5w8ePAgamtr49r3\n/vvvx6ZNm2C322f4rGi+SLiAo62tDW+//TaqqqqmfKxPPvkEzz77LB599NGpnxgREREREc0bPT09\nKC8vR1VVFa5cuTLs5qjdbsemTZuwadMmrFq1atYvgp1OZ3/gYrPZsGTJkphzb2xsHPPxpaWlaGho\nQCAQGPHzOTk5MxbkVFVVoaCgABkZGTNy/LHU1taioqIirn2Li4uxfv36GT4jmk8SKuDo7OzEj3/8\n43F/2OPl8Xhw4MABFBUVYfXq1dNyTCIiIiIimlunT5/GgQMHxqz47unpwalTp3Dq1CnY7Xa88sor\nePDBB2ftHE+dOoVDhw4BUGHFd77znf7PNTY24nvf+96Yj3/zzTdx4MCBUW/87tmzB3v37p2+E+5V\nVVWFtrY2FBQUTPuxiaYqYQIO...
[debug] [35m[W3C (4cd5dd8e)][39m Responding to client with driver.getScreenshot() result: "iVBORw0KGgoAAAANSUhEUgAABDgAAAjoCAYAAAA5jhrUAAAABHNCSVQICAgIfAhkiAAAIABJREFU\neJzs3XlwHOd5JvDn6x4Ac+C+QfCGCF4QD1EUKUqkJOqyJJI6bGkjeytSXHbVhuu4yvZWJZv9a8up\nSqqy9mYrsWzZiWNHshTT8iXSskmJlCjxvkGCIgESB3FfM5gDgzm7v/3jwzU4BzcGfH5VLguNnp7G\nYACin36/9xVSSgkiIiIiIiIiogSmzfUJEBERERERERFNFQMOIiIiIiIiIkp4DDiIiIiIiIiIKOEx\n4CAiIiIiIiKihMeAg4iIiIiIiIgSHgMOIiIiIiIiIkp4DDiIiIiIiIiIKOEx4CAiIiIiIiKihMeA\ng4iIiIiIiIgSHgMOIiIiIiIiIkp4DDiIiIiIiIiIKOEx4CAiIiIiIiKihGeZ6xOYDLfbjZMnT6Kn\np2fSx3A4HLjvvvtQUFAAIcQ0nh0REREREc1HTqcTAJCTkzPHZ5L4otEoLJbZv5w8ePAgamtr49r3\n/vvvx6ZNm2C322f4rGi+SLiAo62tDW+//TaqqqqmfKxPPvkEzz77LB599NGpnxgREREREc0bPT09\nKC8vR1VVFa5cuTLs5qjdbsemTZuwadMmrFq1atYvgp1OZ3/gYrPZsGTJkphzb2xsHPPxpaWlaGho\nQCAQGPHzOTk5MxbkVFVVoaCgABkZGTNy/LHU1taioqIirn2Li4uxfv36GT4jmk8SKuDo7OzEj3/8\n43F/2OPl8Xhw4MABFBUVYfXq1dNyTCIiIiIimlunT5/GgQMHxqz47unpwalTp3Dq1CnY7Xa88sor\nePDBB2ftHE+dOoVDhw4BUGHFd77znf7PNTY24nvf+96Yj3/zzTdx4MCBUW/87tmzB3v37p2+E+5V\nVVWFtrY2FBQUTPuxiaYqYQIOl8uFt956a9rCjT6GYeDkyZMMOIiIiIiIEpzT6cQPf/hDNDQ0TOhx\nPT09+N...
[35m[HTTP][39m [37m<-- GET /wd/hub/session/4cd5dd8e-7c45-406f-979d-f0f35b45cec7/screenshot [39m[32m200[39m [90m994 ms - 1760342[39m
[35m[HTTP][39m [90m[39m
[35m[HTTP][39m [37m-->[39m [37mGET[39m [37m/wd/hub/session/4cd5dd8e-7c45-406f-979d-f0f35b45cec7/source[39m
[35m[HTTP][39m [90m{}[39m
[35m[W3C (4cd5dd8e)][39m Driver proxy active, passing request on via HTTP proxy
[debug] [35m[WD Proxy][39m Matched '/wd/hub/session/4cd5dd8e-7c45-406f-979d-f0f35b45cec7/source' to command name 'getPageSource'
[debug] [35m[WD Proxy][39m Proxying [GET /wd/hub/session/4cd5dd8e-7c45-406f-979d-f0f35b45cec7/source] to [GET http://127.0.0.1:53593/wd/hub/session/a48843c0-4bd8-464a-a416-add27477af0f/source] with no body
[debug] [35m[WD Proxy][39m Got response with status 200: {"sessionId":"a48843c0-4bd8-464a-a416-add27477af0f","value":"<?xml version='1.0' encoding='UTF-8' standalone='yes' ?>\r\n<hierarchy index=\"0\" class=\"hierarchy\" rotation=\"0\" width=\"1080\" height=\"2148\">\r\n  <android.widget.FrameLayout index=\"0\" package=\"com.saucelabs.mydemoapp.rn\" class=\"android.widget.FrameLayout\" text=\"\" checkable=\"false\" checked=\"false\" clickable=\"false\" enabled=\"true\" focusable=\"false\" focused=\"false\" long-clickable=\"false\" password=\"false\" scrollable=\"false\" selected=\"false\" bounds=\"[0,0][1080,2148]\" displayed=\"true\">\r\n    <android.widget.LinearLayout index=\"0\" package=\"com.saucelabs.mydemoapp.rn\" class=\"android.widget.LinearLayout\" text=\"\" checkable=\"false\" checked=\"false\" clickable=\"false\" enabled=\"true\" focusable=\"false\" focused=\"false\" long-clickable=\"false\" password=\"false\" scrollable=\"false\" selected=\"false\" bounds=\"[0,0][1080,2148]\" displayed=\"true\">\r\n      <android.widget.FrameLayout index=\"0\" packa...
[35m[WD Proxy][39m Replacing sessionId a48843c0-4bd8-464a-a416-add27477af0f with 4cd5dd8e-7c45-406f-979d-f0f35b45cec7
[35m[HTTP][39m [37m<-- GET /wd/hub/session/4cd5dd8e-7c45-406f-979d-f0f35b45cec7/source [39m[32m200[39m [90m411 ms - 53617[39m
[35m[HTTP][39m [90m[39m
[35m[HTTP][39m [37m-->[39m [37mGET[39m [37m/wd/hub/session/4cd5dd8e-7c45-406f-979d-f0f35b45cec7/screenshot[39m
[35m[HTTP][39m [90m{}[39m
[debug] [35m[W3C (4cd5dd8e)][39m Calling AppiumDriver.getScreenshot() with args: ["4cd5dd8e-7c45-406f-979d-f0f35b45cec7"]
[debug] [35m[WD Proxy][39m Matched '/screenshot' to command name 'getScreenshot'
[debug] [35m[WD Proxy][39m Proxying [GET /screenshot] to [GET http://127.0.0.1:53593/wd/hub/session/a48843c0-4bd8-464a-a416-add27477af0f/screenshot] with no body
[debug] [35m[WD Proxy][39m Got response with status 200: {"sessionId":"a48843c0-4bd8-464a-a416-add27477af0f","value":"iVBORw0KGgoAAAANSUhEUgAABDgAAAjoCAYAAAA5jhrUAAAABHNCSVQICAgIfAhkiAAAIABJREFU\neJzs3XlwHOd5JvDn6x4Ac+C+QfCGCF4QD1EUKUqkJOqyJJI6bGkjeytSXHbVhuu4yvZWJZv9a8up\nSqqy9mYrsWzZiWNHshTT8iXSskmJlCjxvkGCIgESB3FfM5gDgzm7v/3jwzU4BzcGfH5VLguNnp7G\nYACin36/9xVSSgkiIiIiIiIiogSmzfUJEBERERERERFNFQMOIiIiIiIiIkp4DDiIiIiIiIiIKOEx\n4CAiIiIiIiKihMeAg4iIiIiIiIgSHgMOIiIiIiIiIkp4DDiIiIiIiIiIKOEx4CAiIiIiIiKihMeA\ng4iIiIiIiIgSHgMOIiIiIiIiIkp4DDiIiIiIiIiIKOEx4CAiIiIiIiKihGeZ6xOYDLfbjZMnT6Kn\np2fSx3A4HLjvvvtQUFAAIcQ0nh0REREREc1HTqcTAJCTkzPHZ5L4otEoLJbZv5w8ePAgamtr49r3\n/vvvx6ZNm2C322f4rGi+SLiAo62tDW+//TaqqqqmfKxPPvkEzz77LB599NGpnxgREREREc0bPT09\nKC8vR1VVFa5cuTLs5qjdbsemTZuwadMmrFq1atYvgp1OZ3/gYrPZsGTJkphzb2xsHPPxpaWlaGho\nQCAQGPHzOTk5MxbkVFVVoaCgABkZGTNy/LHU1taioqIirn2Li4uxfv36GT4jmk8SKuDo7OzEj3/8\n43F/2OPl8Xhw4MABFBUVYfXq1dNyTCIiIiIimlunT5/GgQMHxqz47unpwalTp3Dq1CnY7Xa88sor\nePDBB2ftHE+dOoVDhw4BUGHFd77znf7PNTY24nvf+96Yj3/zzTdx4MCBUW/87tmzB3v37p2+E+5V\nVVWFtrY2FBQUTPuxiaYqYQIO...
[debug] [35m[W3C (4cd5dd8e)][39m Responding to client with driver.getScreenshot() result: "iVBORw0KGgoAAAANSUhEUgAABDgAAAjoCAYAAAA5jhrUAAAABHNCSVQICAgIfAhkiAAAIABJREFU\neJzs3XlwHOd5JvDn6x4Ac+C+QfCGCF4QD1EUKUqkJOqyJJI6bGkjeytSXHbVhuu4yvZWJZv9a8up\nSqqy9mYrsWzZiWNHshTT8iXSskmJlCjxvkGCIgESB3FfM5gDgzm7v/3jwzU4BzcGfH5VLguNnp7G\nYACin36/9xVSSgkiIiIiIiIiogSmzfUJEBERERERERFNFQMOIiIiIiIiIkp4DDiIiIiIiIiIKOEx\n4CAiIiIiIiKihMeAg4iIiIiIiIgSHgMOIiIiIiIiIkp4DDiIiIiIiIiIKOEx4CAiIiIiIiKihMeA\ng4iIiIiIiIgSHgMOIiIiIiIiIkp4DDiIiIiIiIiIKOEx4CAiIiIiIiKihGeZ6xOYDLfbjZMnT6Kn\np2fSx3A4HLjvvvtQUFAAIcQ0nh0REREREc1HTqcTAJCTkzPHZ5L4otEoLJbZv5w8ePAgamtr49r3\n/vvvx6ZNm2C322f4rGi+SLiAo62tDW+//TaqqqqmfKxPPvkEzz77LB599NGpnxgREREREc0bPT09\nKC8vR1VVFa5cuTLs5qjdbsemTZuwadMmrFq1atYvgp1OZ3/gYrPZsGTJkphzb2xsHPPxpaWlaGho\nQCAQGPHzOTk5MxbkVFVVoaCgABkZGTNy/LHU1taioqIirn2Li4uxfv36GT4jmk8SKuDo7OzEj3/8\n43F/2OPl8Xhw4MABFBUVYfXq1dNyTCIiIiIimlunT5/GgQMHxqz47unpwalTp3Dq1CnY7Xa88sor\nePDBB2ftHE+dOoVDhw4BUGHFd77znf7PNTY24nvf+96Yj3/zzTdx4MCBUW/87tmzB3v37p2+E+5V\nVVWFtrY2FBQUTPuxiaYqYQIOl8uFt956a9rCjT6GYeDkyZMMOIiIiIiIEpzT6cQPf/hDNDQ0TOhx\nPT09+N...
[35m[HTTP][39m [37m<-- GET /wd/hub/session/4cd5dd8e-7c45-406f-979d-f0f35b45cec7/screenshot [39m[32m200[39m [90m1556 ms - 1760342[39m
[35m[HTTP][39m [90m[39m
[35m[HTTP][39m [37m-->[39m [37mDELETE[39m [37m/wd/hub/session/4cd5dd8e-7c45-406f-979d-f0f35b45cec7[39m
[35m[HTTP][39m [90m{}[39m
[debug] [35m[W3C (4cd5dd8e)][39m Calling AppiumDriver.deleteSession() with args: ["4cd5dd8e-7c45-406f-979d-f0f35b45cec7"]
[debug] [35m[BaseDriver][39m Event 'quitSessionRequested' logged at 1682860035234 (20:07:15 GMT+0700 (Western Indonesia Time))
[35m[Appium][39m Removing session 4cd5dd8e-7c45-406f-979d-f0f35b45cec7 from our master session list
[debug] [35m[UiAutomator2][39m Deleting UiAutomator2 session
[debug] [35m[UiAutomator2][39m Deleting UiAutomator2 server session
[debug] [35m[WD Proxy][39m Matched '/' to command name 'deleteSession'
[debug] [35m[WD Proxy][39m Proxying [DELETE /] to [DELETE http://127.0.0.1:53593/wd/hub/session/a48843c0-4bd8-464a-a416-add27477af0f] with no body
[debug] [35m[WD Proxy][39m Got response with status 200: {"sessionId":"a48843c0-4bd8-464a-a416-add27477af0f","value":null}
[debug] [35m[ADB][39m Running 'C:\Users\LENOVO\.katalon\tools\android_sdk\platform-tools\adb.exe -P 5037 -s emulator-5554 shell am force-stop com.saucelabs.mydemoapp.rn'
[debug] [35m[Instrumentation][39m .
[debug] [35m[Instrumentation][39m Time: 52.272
[debug] [35m[Instrumentation][39m 
[debug] [35m[Instrumentation][39m OK (1 test)
[debug] [35m[Instrumentation][39m The process has exited with code 0
[debug] [35m[Logcat][39m Stopping logcat capture
[debug] [35m[ADB][39m Removing forwarded port socket connection: 53593 
[debug] [35m[ADB][39m Running 'C:\Users\LENOVO\.katalon\tools\android_sdk\platform-tools\adb.exe -P 5037 -s emulator-5554 forward --remove tcp:53593'
[debug] [35m[BaseDriver][39m Event 'quitSessionFinished' logged at 1682860036375 (20:07:16 GMT+0700 (Western Indonesia Time))
[debug] [35m[W3C (4cd5dd8e)][39m Received response: null
[debug] [35m[W3C (4cd5dd8e)][39m But deleting session, so not returning
[debug] [35m[W3C (4cd5dd8e)][39m Responding to client with driver.deleteSession() result: null
[35m[HTTP][39m [37m<-- DELETE /wd/hub/session/4cd5dd8e-7c45-406f-979d-f0f35b45cec7 [39m[32m200[39m [90m1142 ms - 14[39m
[35m[HTTP][39m [90m[39m
